[LOG.SM] ALL 2017-05-22 01:43:52,847 HENDROCOMP PID:2404 THID:5160 ID:LOG.SM:0.0.0.0 MSG:c00000000001865912640bAEIDZP5E7/Za0Upuj3BiAPE4ujpgW65eNByGFqfqzHQv8+hwO9I7D3CYDPiRqNmYrBw3z2ur9p1kfvrqM475g1y0S9cSVs8etqLidx28W3lb5LYAT6UrZeueoNdQM3ls1b5OPu8g5IiOCU671HAtxQFmvfLXzaNiaIPvxc/Dd9NG1l9T7nI1HRIyWYlDkxUqOdwCPbN8jEv6y0v+Tt8q/cgx3AQxK+ObiZYnaVJO6W9jB4W97PtVefSeBCOAngP2+YE07S/FbLyN4YLenw0FHf70OuGZn73nbudSKNxUjD//NJ1waD5sMpIYMUTAJPlh1oqjmY8treoA66LpN4yvgRo=
[PSI] INFO 2017-05-22 08:51:26,074 HENDROCOMP PID:2404 THID:5396 ID:0EB13E44-BD0E-401B-B9B8-636A59733A0D:399.195329.527e41ff031d261326fc5afcac1f9d84538aa2ba.0 MSG:aAQ5rkkBgaPYG4AxfDoC/nA0NSYD66x1notA8pFAUs53+JJQk/+SmrypN726x8ldBX4YFHaBiiTjI3KoSKIQg979fNPMnHwqCDOBEXw6Av5wNDUmX
[PSI] INFO 2017-05-22 09:11:26,082 HENDROCOMP PID:2404 THID:5396 ID:0EB13E44-BD0E-401B-B9B8-636A59733A0D:399.195329.527e41ff031d261326fc5afcac1f9d84538aa2ba.0 MSG:aBwx2Nm6wY48asWhdAFbAuq5vzsfzfxYGi8LMwZsrnKlLceT3AYNYyO1x4n8zbjFSQmT++md+OP4SxNzsM1bTdGBdKVcJzwH7ELEgXQBWwLqub87Q
[PSI] INFO 2017-05-22 09:31:26,087 HENDROCOMP PID:2404 THID:5396 ID:0EB13E44-BD0E-401B-B9B8-636A59733A0D:399.195329.527e41ff031d261326fc5afcac1f9d84538aa2ba.0 MSG:aALNbk2xnzdr5qA0C/UfAQjj6oLt+FZSW52yLv1zLDfZ+Ner0iqWuBj0l/oSE+yO3VBBjOJ7YhTLDiDkvawtJasTiBPILGK+u86hFAv1HwEI4+qCs
[PSI] INFO 2017-05-22 12:53:24,074 HENDROCOMP PID:2404 THID:5396 ID:0EB13E44-BD0E-401B-B9B8-636A59733A0D:399.195329.527e41ff031d261326fc5afcac1f9d84538aa2ba.0 MSG:aALNbk2xnzdr5qA0C/UfAQjj6oLt+FZSW523Zv1zLDfZ+Ner0iqWuBj0l/oSE+yO3VBBjOJ7Z0zLDiDkvawtJasTiBPILGK+u86hFAv1HwEI4+qCs
[PSI] INFO 2017-05-22 13:13:24,081 HENDROCOMP PID:2404 THID:5396 ID:0EB13E44-BD0E-401B-B9B8-636A59733A0D:399.195329.527e41ff031d261326fc5afcac1f9d84538aa2ba.0 MSG:aAuF919oOjeEiq8p6mo2o1LNnB248vm8NwfY0PO0k4Q16zbNAoY9+0VVUNzTCORP/FNRfRMlCpIRq8KLZhcm1wlqwIra9ce+VKKuCepqNqNSzZwd5
[PSI] INFO 2017-05-22 13:33:24,085 HENDROCOMP PID:2404 THID:5396 ID:0EB13E44-BD0E-401B-B9B8-636A59733A0D:399.195329.527e41ff031d261326fc5afcac1f9d84538aa2ba.0 MSG:aBwx2Nm6wY48asWhdAFbAuq5vzsfzfxYGi8PKwZsrnKlLceT3AYNYyO1x4n8zbjFSQmT++md/OP4SxNzsM1bTdGBdKVcJzwH7ELEgXQBWwLqub87Q
[PSI] INFO 2017-05-22 13:53:24,091 HENDROCOMP PID:2404 THID:5396 ID:0EB13E44-BD0E-401B-B9B8-636A59733A0D:399.195329.527e41ff031d261326fc5afcac1f9d84538aa2ba.0 MSG:aD/kLy1m7+HtU3JL1daT9tZ6k73pbpBLnbr+T5GP7pTpERlSoIR2VJkELqiK9jMSElDezDJD13mB7l1DCsKuYpxmoVKo+xJoPXtza9XWk/bWepO9t
[PSI] INFO 2017-05-22 14:13:24,097 HENDROCOMP PID:2404 THID:5396 ID:0EB13E44-BD0E-401B-B9B8-636A59733A0D:399.195329.527e41ff031d261326fc5afcac1f9d84538aa2ba.0 MSG:aDkxXuDpjspJB6f+/88V6NVmf9dwP5PhnIqPkpW/y3NGxVt/bBSPjmErWQX0BD3FrGsEKkPqB89ks/npeeImjaWUdCNldHNDmS+m3v/PFejVZn/XL
[PSI] INFO 2017-05-22 14:33:24,104 HENDROCOMP PID:2404 THID:5396 ID:0EB13E44-BD0E-401B-B9B8-636A59733A0D:399.195329.527e41ff031d261326fc5afcac1f9d84538aa2ba.0 MSG:aA8raGb7w9fznWibO5zX3bsHsKN7LkPEnb73DGuANNl17PYI+mRa4bXepjG2iiHn9eF4MEBQfuxSTel7IPaL73A+bhXjZj5eI7Vpuzuc1927B7CjJ
[PSI] INFO 2017-05-22 14:53:24,111 HENDROCOMP PID:2404 THID:5396 ID:0EB13E44-BD0E-401B-B9B8-636A59733A0D:399.195329.527e41ff031d261326fc5afcac1f9d84538aa2ba.0 MSG:aCYTZ2VHWri46mGg1PhITIXoBO3oMH2wVwhQgoHI8+jkWamdajKXdpRoIn98Fg2jIOjRRiCOocKtcng+Gz72v5+rVhrg2qcxaMJggNT4SEyF6ATtt
[PSI] INFO 2017-05-22 15:13:24,116 HENDROCOMP PID:2404 THID:5396 ID:0EB13E44-BD0E-401B-B9B8-636A59733A0D:399.195329.527e41ff031d261326fc5afcac1f9d84538aa2ba.0 MSG:aCyImkZV6lSi01bL47kZxwJqqVODlkdE5GiFysoZwQkDwzBClW6EBBkq8PPvpuuDtmCl9OrZ5uHH2ZtMfV2xvuPlzefDyBfdcvtX6+O5GccCaqlT3
[PSI] INFO 2017-05-22 15:33:24,125 HENDROCOMP PID:2404 THID:5396 ID:0EB13E44-BD0E-401B-B9B8-636A59733A0D:399.195329.527e41ff031d261326fc5afcac1f9d84538aa2ba.0 MSG:aDMnXy/QL7gwKNBfubkryWa7h8qoxwlOI7hQIew98QsgWTXWxl65AooKp0nn0wgrscelyghV4QBCvuHQYoIh4be2YiKqTdIx4ADRf7m5K8lmu4fK9
[PSI] INFO 2017-05-22 15:53:24,133 HENDROCOMP PID:2404 THID:5396 ID:0EB13E44-BD0E-401B-B9B8-636A59733A0D:399.195329.527e41ff031d261326fc5afcac1f9d84538aa2ba.0 MSG:aAQ5rkkBgaPYG4AxfDoC/nA0NSYD66x1notEzpFAUs53+JJQk/+SmrypN726x8ldBX4YFHaBjiTjI3KoSKIQg979fNPMnHwqCDOBEXw6Av5wNDUmX
[PSI] INFO 2017-05-22 16:13:24,139 HENDROCOMP PID:2404 THID:5396 ID:0EB13E44-BD0E-401B-B9B8-636A59733A0D:399.195329.527e41ff031d261326fc5afcac1f9d84538aa2ba.0 MSG:aBORTMctk2oifuiD0D3iBRvmrjZxNnwXE4301lJC6f/7bSjZh0AhPCS3blgzazYeoiCyeLkBT29BJFocYYZN4PPK1DFCsG7j8lbpo9A94gUb5q42L
[PSI] INFO 2017-05-23 02:22:36,197 HENDROCOMP PID:2404 THID:5396 ID:0EB13E44-BD0E-401B-B9B8-636A59733A0D:399.195329.527e41ff031d261326fc5afcac1f9d84538aa2ba.0 MSG:aCIZsDefHFJDXIAXfh25fLLGhp0yN8NkAbKIttgW0gUxKukfxKVow84fiCZjOsQp/1VZTcotnW5MKmtEn4n4kd37XM2yAuHbk3SBN34duXyyxoadb
[PSI] INFO 2017-05-23 02:42:36,206 HENDROCOMP PID:2404 THID:5396 ID:0EB13E44-BD0E-401B-B9B8-636A59733A0D:399.195329.527e41ff031d261326fc5afcac1f9d84538aa2ba.0 MSG:aCYTZ2VHWri46mGg1PhITIXoBO3oMH2wVwhUmoHI8+jkWamdajKXdpRoIn98Fg2jIOjRRiCOocKtcng+Gz72v5+rVhrg2qcxaMJggNT4SEyF6ATtt
[PSI] INFO 2017-05-23 03:02:36,210 HENDROCOMP PID:2404 THID:5396 ID:0EB13E44-BD0E-401B-B9B8-636A59733A0D:399.195329.527e41ff031d261326fc5afcac1f9d84538aa2ba.0 MSG:aD/kLy1m7+HtU3JL1daT9tZ6k73pbpBLnbrzA5GP7pTpERlSoIR2VJkELqiK9jMSElDezDJD03mB7l1DCsKuYpxmoVKo+xJoPXtza9XWk/bWepO9t
[PSI] INFO 2017-05-23 03:22:36,211 HENDROCOMP PID:2404 THID:5396 ID:0EB13E44-BD0E-401B-B9B8-636A59733A0D:399.195329.527e41ff031d261326fc5afcac1f9d84538aa2ba.0 MSG:aBORTMctk2oifuiD0D3iBRvmrjZxNnwXE43w6lJC6f/7bSjZh0AhPCS3blgzazYeoiCyeLkBT29BJFocYYZN4PPK1DFCsG7j8lbpo9A94gUb5q42L
[PSI] INFO 2017-05-23 03:42:36,215 HENDROCOMP PID:2404 THID:5396 ID:0EB13E44-BD0E-401B-B9B8-636A59733A0D:399.195329.527e41ff031d261326fc5afcac1f9d84538aa2ba.0 MSG:aCYTZ2VHWri46mGg1PhITIXoBO3oMH2wVwhYgoHI8+jkWamdajKXdpRoIn98Fg2jIOjRRiCOocKtcng+Gz72v5+rVhrg2qcxaMJggNT4SEyF6ATtt
[PSI] INFO 2017-05-23 04:02:36,216 HENDROCOMP PID:2404 THID:5396 ID:0EB13E44-BD0E-401B-B9B8-636A59733A0D:399.195329.527e41ff031d261326fc5afcac1f9d84538aa2ba.0 MSG:aAuF919oOjeEiq8p6mo2o1LNnB248vm8NwfM2PO0k4Q16zbNAoY9+0VVUNzTCORP/FNRfRMlCpIRq8KLZhcm1wlqwIra9ce+VKKuCepqNqNSzZwd5
[PSI] INFO 2017-05-23 04:22:36,219 HENDROCOMP PID:2404 THID:5396 ID:0EB13E44-BD0E-401B-B9B8-636A59733A0D:399.195329.527e41ff031d261326fc5afcac1f9d84538aa2ba.0 MSG:aBwx2Nm6wY48asWhdAFbAuq5vzsfzfxYGi8OawZsrnKlLceT3AYNYyO1x4n8zbjFSQmT++md+OP4SxNzsM1bTdGBdKVcJzwH7ELEgXQBWwLqub87Q
[PSI] INFO 2017-05-23 04:42:36,221 HENDROCOMP PID:2404 THID:5396 ID:0EB13E44-BD0E-401B-B9B8-636A59733A0D:399.195329.527e41ff031d261326fc5afcac1f9d84538aa2ba.0 MSG:aBwx2Nm6wY48asWhdAFbAuq5vzsfzfxYGi8LMwZsrnKlLceT3AYNYyO1x4n8zbjFSQmT++md+OP4SxNzsM1bTdGBdKVcJzwH7ELEgXQBWwLqub87Q
[PSI] INFO 2017-05-23 05:02:36,224 HENDROCOMP PID:2404 THID:5396 ID:0EB13E44-BD0E-401B-B9B8-636A59733A0D:399.195329.527e41ff031d261326fc5afcac1f9d84538aa2ba.0 MSG:aCYTZ2VHWri46mGg1PhITIXoBO3oMH2wVwhQroHI8+jkWamdajKXdpRoIn98Fg2jIOjRRiCOocKtcng+Gz72v5+rVhrg2qcxaMJggNT4SEyF6ATtt
[PSI] INFO 2017-05-23 05:22:36,226 HENDROCOMP PID:2404 THID:5396 ID:0EB13E44-BD0E-401B-B9B8-636A59733A0D:399.195329.527e41ff031d261326fc5afcac1f9d84538aa2ba.0 MSG:aAQ5rkkBgaPYG4AxfDoC/nA0NSYD66x1notEypFAUs53+JJQk/+SmrypN726x8ldBX4YFHaBiiTjI3KoSKIQg979fNPMnHwqCDOBEXw6Av5wNDUmX
[PSI] INFO 2017-05-23 06:10:27,749 HENDROCOMP PID:2404 THID:5396 ID:0EB13E44-BD0E-401B-B9B8-636A59733A0D:399.195329.527e41ff031d261326fc5afcac1f9d84538aa2ba.0 MSG:aDZralyaP6Gg+md29ctWpezDHvZerROki3I3wii+tA0c5PwwGIrWWBnaLf+8DViJt7G6H5pTpEGSNzFCGMyCXsAPLhfZB8IocNJmVvXLVqXswx72A
[PSI] INFO 2017-05-23 06:33:50,713 HENDROCOMP PID:2404 THID:5396 ID:0EB13E44-BD0E-401B-B9B8-636A59733A0D:399.195329.527e41ff031d261326fc5afcac1f9d84538aa2ba.0 MSG:aAQ5rkkBgaPYG4AxfDoC/nA0NSYD66x1notM4pFAUs53+JJQk/+SmrypN726x8ldBX4YFHaBiiTjI3KoSKIQg979fNPMnHwqCDOBEXw6Av5wNDUmX
[PSI] INFO 2017-05-23 06:53:52,629 HENDROCOMP PID:2404 THID:5396 ID:0EB13E44-BD0E-401B-B9B8-636A59733A0D:399.195329.527e41ff031d261326fc5afcac1f9d84538aa2ba.0 MSG:aA8raGb7w9fznWibO5zX3bsHsKN7LkPEnb72VGuANNl17PYI+mRa4bXepjG2iiHn9eF4MEBQeuxSTel7IPaL73A+bhXjZj5eI7Vpuzuc1927B7CjJ
[PSI] ERROR 2017-05-23 07:02:22,150 HENDROCOMP PID:2404 THID:5832 ID:91C7BE0F-3766-4E8D-91BB-09BC62B69E54:406.195329.527e41ff031d261326fc5afcac1f9d84538aa2ba.0 MSG:aDMnXy/QL7gwKNBfubkryWa7h8qpnkwGA5kIAew==
[PSI] INFO 2017-05-23 07:02:22,150 HENDROCOMP PID:2404 THID:5196 ID:91C7BE0F-3766-4E8D-91BB-09BC62B69E54:657.195329.527e41ff031d261326fc5afcac1f9d84538aa2ba.0 MSG:*
[PSI] INFO 2017-05-23 07:02:22,181 HENDROCOMP PID:2404 THID:5396 ID:0EB13E44-BD0E-401B-B9B8-636A59733A0D:399.195329.527e41ff031d261326fc5afcac1f9d84538aa2ba.0 MSG:aCyImkZV6lSi01bL47kZxwJqqVODlkdE5GiEmsoZwQkDwzBClW6EBBkq8PPvpuuDtmCl9OrZ57nH2ZtMfV2xvuPlzefDyBfdcvtX6+O5GccCaqlT3
[LOG.SM] ALL 2017-05-23 07:02:46,168 HENDROCOMP PID:2384 THID:4696 ID:LOG.SM:0.0.0.0 MSG:c00000000001871548736bALKVlI/n+KfK5T28wCFb8l1l6uVmHeyXxNA10AEYSEWd7C288S8WCRS3TULH1SYAz5hLYFFps8g8roxa0oD0NLEneEpy9k4dOSmncApPevm1k5ZfaEMNSOeT4gdiQthZPlvtGrAyRMgJv95f47dadK5PHwOnzGAEz03Rgb9b+RN8kKx0bF9LIy9S+SkF+3y+2yCvblNHA/dNH0VcDTEsFsaaHaZ38QAA0y2BH3t2HdfVGVhY3pbuXc9EsQihvXVZ4u7Hp22rnpQI3c2YtG4T14wUXoRE7LYSNX6tcUOCAfq+BeIoudPY56dPa9KeGoMY5eMJyUSNzuo4U50JLTxKxWg=
[PSI] INFO 2017-05-23 07:02:46,174 HENDROCOMP PID:2384 THID:4696 ID:91C7BE0F-3766-4E8D-91BB-09BC62B69E54:644.195329.527e41ff031d261326fc5afcac1f9d84538aa2ba.0 MSG:*
[PSI] INFO 2017-05-23 07:22:46,761 HENDROCOMP PID:2384 THID:5168 ID:0EB13E44-BD0E-401B-B9B8-636A59733A0D:399.195329.527e41ff031d261326fc5afcac1f9d84538aa2ba.0 MSG:aDMnXy/QL7gwKNBfubkryWa7h8qoxwlOI7h0Few98QsgWTXWxl65AooKp0nn0wgrscelyghV4QBCvuHQYoIh4be2YiKqTdIx4ADRf7m5K8lmu4fK9
[PSI] INFO 2017-05-23 07:42:46,769 HENDROCOMP PID:2384 THID:5168 ID:0EB13E44-BD0E-401B-B9B8-636A59733A0D:399.195329.527e41ff031d261326fc5afcac1f9d84538aa2ba.0 MSG:aBtfKZ1g1biSHYy7MTobkfT/Ku1y3bUijt/d1sBfyLBwpPeR6qNT+TUkfKDYLQ04xRn+3UYBT55xdAk2gf7LxkY6GlQY/SgxQjWNmzE6G5H0/yrtL
[PSI] INFO 2017-05-23 08:02:46,771 HENDROCOMP PID:2384 THID:5168 ID:0EB13E44-BD0E-401B-B9B8-636A59733A0D:399.195329.527e41ff031d261326fc5afcac1f9d84538aa2ba.0 MSG:aCYTZ2VHWri46mGg1PhITIXoBO3oMH2wVwhR2oHI8+jkWamdajKXdpRoIn98Fg2jIOjRRiCOpcKtcng+Gz72v5+rVhrg2qcxaMJggNT4SEyF6ATtt
[PSI] INFO 2017-05-23 08:22:46,775 HENDROCOMP PID:2384 THID:5168 ID:0EB13E44-BD0E-401B-B9B8-636A59733A0D:399.195329.527e41ff031d261326fc5afcac1f9d84538aa2ba.0 MSG:aCyImkZV6lSi01bL47kZxwJqqVODlkdE5GiJ9soZwQkDwzBClW6EBBkq8PPvpuuDtmCl9OrZ57nH2ZtMfV2xvuPlzefDyBfdcvtX6+O5GccCaqlT3
[PSI] INFO 2017-05-23 08:42:46,778 HENDROCOMP PID:2384 THID:5168 ID:0EB13E44-BD0E-401B-B9B8-636A59733A0D:399.195329.527e41ff031d261326fc5afcac1f9d84538aa2ba.0 MSG:aA8raGb7w9fznWibO5zX3bsHsKN7LkPEnb72VGuANNl17PYI+mRa4bXepjG2iiHn9eF4MEBQeuxSTel7IPaL73A+bhXjZj5eI7Vpuzuc1927B7CjJ
[PSI] INFO 2017-05-23 09:02:46,779 HENDROCOMP PID:2384 THID:5168 ID:0EB13E44-BD0E-401B-B9B8-636A59733A0D:399.195329.527e41ff031d261326fc5afcac1f9d84538aa2ba.0 MSG:aDMnXy/QL7gwKNBfubkryWa7h8qoxwlOI7hUAew98QsgWTXWxl65AooKp0nn0wgrscelyghV4QBCvuHQYoIh4be2YiKqTdIx4ADRf7m5K8lmu4fK9
[PSI] INFO 2017-05-23 09:22:46,781 HENDROCOMP PID:2384 THID:5168 ID:0EB13E44-BD0E-401B-B9B8-636A59733A0D:399.195329.527e41ff031d261326fc5afcac1f9d84538aa2ba.0 MSG:aDZralyaP6Gg+md29ctWpezDHvZerROki3Iz6ii+tA0c5PwwGIrWWBnaLf+8DViJt7G6H5pTpEGSNzFCGMyCXsAPLhfZB8IocNJmVvXLVqXswx72A
[PSI] INFO 2017-05-23 09:42:46,783 HENDROCOMP PID:2384 THID:5168 ID:0EB13E44-BD0E-401B-B9B8-636A59733A0D:399.195329.527e41ff031d261326fc5afcac1f9d84538aa2ba.0 MSG:aBtfKZ1g1biSHYy7MTobkfT/Ku1y3bUijt/cjsBfyLBwpPeR6qNT+TUkfKDYLQ04xRn+3UYBT55xdAk2gf7LxkY6GlQY/SgxQjWNmzE6G5H0/yrtL
[PSI] INFO 2017-05-23 12:20:58,567 HENDROCOMP PID:2384 THID:5168 ID:0EB13E44-BD0E-401B-B9B8-636A59733A0D:399.195329.527e41ff031d261326fc5afcac1f9d84538aa2ba.0 MSG:aBtfKZ1g1biSHYy7MTobkfT/Ku1y3bUijt/InsBfyLBwpPeR6qNT+TUkfKDYLQ04xRn+3UYBT55xdAk2gf7LxkY6GlQY/SgxQjWNmzE6G5H0/yrtL
[PSI] INFO 2017-05-23 12:40:58,582 HENDROCOMP PID:2384 THID:5168 ID:0EB13E44-BD0E-401B-B9B8-636A59733A0D:399.195329.527e41ff031d261326fc5afcac1f9d84538aa2ba.0 MSG:aAuF919oOjeEiq8p6mo2o1LNnB248vm8NwfJtPO0k4Q16zbNAoY9+0VVUNzTCORP/FNRfRMlCpIRq8KLZhcm1wlqwIra9ce+VKKuCepqNqNSzZwd5
[PSI] INFO 2017-05-23 13:00:58,589 HENDROCOMP PID:2384 THID:5168 ID:0EB13E44-BD0E-401B-B9B8-636A59733A0D:399.195329.527e41ff031d261326fc5afcac1f9d84538aa2ba.0 MSG:aALNbk2xnzdr5qA0C/UfAQjj6oLt+FZSW52zYv1zLDfZ+Ner0iqWuBj0l/oSE+yO3VBBjOJ7ZhTLDiDkvawtJasTiBPILGK+u86hFAv1HwEI4+qCs
[PSI] INFO 2017-05-23 13:20:58,598 HENDROCOMP PID:2384 THID:5168 ID:0EB13E44-BD0E-401B-B9B8-636A59733A0D:399.195329.527e41ff031d261326fc5afcac1f9d84538aa2ba.0 MSG:aD/kLy1m7+HtU3JL1daT9tZ6k73pbpBLnbr6S5GP7pTpERlSoIR2VJkELqiK9jMSElDezDJD13mB7l1DCsKuYpxmoVKo+xJoPXtza9XWk/bWepO9t
[PSI] INFO 2017-05-23 13:40:58,609 HENDROCOMP PID:2384 THID:5168 ID:0EB13E44-BD0E-401B-B9B8-636A59733A0D:399.195329.527e41ff031d261326fc5afcac1f9d84538aa2ba.0 MSG:aDkxXuDpjspJB6f+/88V6NVmf9dwP5PhnIqOzpW/y3NGxVt/bBSPjmErWQX0BD3FrGsEKkPqB89ks/npeeImjaWUdCNldHNDmS+m3v/PFejVZn/XL
[PSI] INFO 2017-05-23 14:00:58,615 HENDROCOMP PID:2384 THID:5168 ID:0EB13E44-BD0E-401B-B9B8-636A59733A0D:399.195329.527e41ff031d261326fc5afcac1f9d84538aa2ba.0 MSG:aBtfKZ1g1biSHYy7MTobkfT/Ku1y3bUijt/dwsBfyLBwpPeR6qNT+TUkfKDYLQ04xRn+3UYBT55xdAk2gf7LxkY6GlQY/SgxQjWNmzE6G5H0/yrtL
[PSI] INFO 2017-05-23 14:20:58,626 HENDROCOMP PID:2384 THID:5168 ID:0EB13E44-BD0E-401B-B9B8-636A59733A0D:399.195329.527e41ff031d261326fc5afcac1f9d84538aa2ba.0 MSG:aCrCXU/1ajjn4utGUY8sCGKNClq8YOxzgyDUGtrdbdCJyRdqJKXjhRIC8dyHAkVWglq8S0WyDpNZcTvr3idpMkLvhyDKaJexN8rqZlGPLAhijQpa4
[PSI] INFO 2017-05-23 14:40:58,636 HENDROCOMP PID:2384 THID:5168 ID:0EB13E44-BD0E-401B-B9B8-636A59733A0D:399.195329.527e41ff031d261326fc5afcac1f9d84538aa2ba.0 MSG:aAQ5rkkBgaPYG4AxfDoC/nA0NSYD66x1notFupFAUs53+JJQk/+SmrypN726x8ldBX4YFHaBjiTjI3KoSKIQg979fNPMnHwqCDOBEXw6Av5wNDUmX
[PSI] INFO 2017-05-24 01:58:23,094 HENDROCOMP PID:2384 THID:5168 ID:0EB13E44-BD0E-401B-B9B8-636A59733A0D:399.195329.527e41ff031d261326fc5afcac1f9d84538aa2ba.0 MSG:aDZralyaP6Gg+md29ctWpezDHvZerROki3Inwii+tA0c5PwwGIrWWBnaLf+8DViJt7G6H5pTpEGSNzFCGMyCXsAPLhfZB8IocNJmVvXLVqXswx72A
[PSI] INFO 2017-05-24 02:18:23,109 HENDROCOMP PID:2384 THID:5168 ID:0EB13E44-BD0E-401B-B9B8-636A59733A0D:399.195329.527e41ff031d261326fc5afcac1f9d84538aa2ba.0 MSG:aA8raGb7w9fznWibO5zX3bsHsKN7LkPEnb72WGuANNl17PYI+mRa4bXepjG2iiHn9eF4MEBQeuxSTel7IPaL73A+bhXjZj5eI7Vpuzuc1927B7CjJ
[PSI] INFO 2017-05-24 02:38:23,115 HENDROCOMP PID:2384 THID:5168 ID:0EB13E44-BD0E-401B-B9B8-636A59733A0D:399.195329.527e41ff031d261326fc5afcac1f9d84538aa2ba.0 MSG:aBtfKZ1g1biSHYy7MTobkfT/Ku1y3bUijt/Z3sBfyLBwpPeR6qNT+TUkfKDYLQ04xRn+3UYBTsZxdAk2gf7LxkY6GlQY/SgxQjWNmzE6G5H0/yrtL
[PSI] INFO 2017-05-24 02:58:23,121 HENDROCOMP PID:2384 THID:5168 ID:0EB13E44-BD0E-401B-B9B8-636A59733A0D:399.195329.527e41ff031d261326fc5afcac1f9d84538aa2ba.0 MSG:aCyImkZV6lSi01bL47kZxwJqqVODlkdE5GiBysoZwQkDwzBClW6EBBkq8PPvpuuDtmCl9OrZ57nH2ZtMfV2xvuPlzefDyBfdcvtX6+O5GccCaqlT3
[PSI] INFO 2017-05-24 03:18:23,129 HENDROCOMP PID:2384 THID:5168 ID:0EB13E44-BD0E-401B-B9B8-636A59733A0D:399.195329.527e41ff031d261326fc5afcac1f9d84538aa2ba.0 MSG:aDZralyaP6Gg+md29ctWpezDHvZerROki3Iyqii+tA0c5PwwGIrWWBnaLf+8DViJt7G6H5pTpEGSNzFCGMyCXsAPLhfZB8IocNJmVvXLVqXswx72A
[PSI] INFO 2017-05-24 03:38:23,135 HENDROCOMP PID:2384 THID:5168 ID:0EB13E44-BD0E-401B-B9B8-636A59733A0D:399.195329.527e41ff031d261326fc5afcac1f9d84538aa2ba.0 MSG:aAQ5rkkBgaPYG4AxfDoC/nA0NSYD66x1notE/pFAUs53+JJQk/+SmrypN726x8ldBX4YFHaBiiTjI3KoSKIQg979fNPMnHwqCDOBEXw6Av5wNDUmX
[PSI] INFO 2017-05-24 03:58:23,144 HENDROCOMP PID:2384 THID:5168 ID:0EB13E44-BD0E-401B-B9B8-636A59733A0D:399.195329.527e41ff031d261326fc5afcac1f9d84538aa2ba.0 MSG:aBtfKZ1g1biSHYy7MTobkfT/Ku1y3bUijt/ZxsBfyLBwpPeR6qNT+TUkfKDYLQ04xRn+3UYBT55xdAk2gf7LxkY6GlQY/SgxQjWNmzE6G5H0/yrtL
[PSI] INFO 2017-05-24 04:18:23,151 HENDROCOMP PID:2384 THID:5168 ID:0EB13E44-BD0E-401B-B9B8-636A59733A0D:399.195329.527e41ff031d261326fc5afcac1f9d84538aa2ba.0 MSG:aBORTMctk2oifuiD0D3iBRvmrjZxNnwXE43wylJC6f/7bSjZh0AhPCS3blgzazYeoiCyeLkBS29BJFocYYZN4PPK1DFCsG7j8lbpo9A94gUb5q42L
[PSI] INFO 2017-05-24 04:38:23,159 HENDROCOMP PID:2384 THID:5168 ID:0EB13E44-BD0E-401B-B9B8-636A59733A0D:399.195329.527e41ff031d261326fc5afcac1f9d84538aa2ba.0 MSG:aA8raGb7w9fznWibO5zX3bsHsKN7LkPEnb73EGuANNl17PYI+mRa4bXepjG2iiHn9eF4MEBQeuxSTel7IPaL73A+bhXjZj5eI7Vpuzuc1927B7CjJ
[PSI] INFO 2017-05-24 04:58:23,163 HENDROCOMP PID:2384 THID:5168 ID:0EB13E44-BD0E-401B-B9B8-636A59733A0D:399.195329.527e41ff031d261326fc5afcac1f9d84538aa2ba.0 MSG:aA8raGb7w9fznWibO5zX3bsHsKN7LkPEnb72WGuANNl17PYI+mRa4bXepjG2iiHn9eF4MEBQe7RSTel7IPaL73A+bhXjZj5eI7Vpuzuc1927B7CjJ
[PSI] INFO 2017-05-24 05:18:23,165 HENDROCOMP PID:2384 THID:5168 ID:0EB13E44-BD0E-401B-B9B8-636A59733A0D:399.195329.527e41ff031d261326fc5afcac1f9d84538aa2ba.0 MSG:aBUSke6qOF2Vnvx33mk90JWZ/UNrMXtfCtV8js6KhraPoxe6JnkwrMugsZnUksT7ElgM3fCi+jUTg+zKbcSUt0LMV+xrN8XURbb9V95pPdCVmf1DN
[PSI] INFO 2017-05-24 05:38:23,167 HENDROCOMP PID:2384 THID:5168 ID:0EB13E44-BD0E-401B-B9B8-636A59733A0D:399.195329.527e41ff031d261326fc5afcac1f9d84538aa2ba.0 MSG:aCIZsDefHFJDXIAXfh25fLLGhp0yN8NkAbKV2tgW0gUxKukfxKVow84fiCZjOsQp/1VZTcotnW5MKmtEn4n4kd37XM2yAuHbk3SBN34duXyyxoadb
[PSI] INFO 2017-05-24 06:20:22,079 HENDROCOMP PID:2384 THID:5168 ID:0EB13E44-BD0E-401B-B9B8-636A59733A0D:399.195329.527e41ff031d261326fc5afcac1f9d84538aa2ba.0 MSG:aDZralyaP6Gg+md29ctWpezDHvZerROki3I2qii+tA0c5PwwGIrWWBnaLf+8DViJt7G6H5pTpEGSNzFCGMyCXsAPLhfZB8IocNJmVvXLVqXswx72A
[PSI] INFO 2017-05-24 06:40:22,081 HENDROCOMP PID:2384 THID:5168 ID:0EB13E44-BD0E-401B-B9B8-636A59733A0D:399.195329.527e41ff031d261326fc5afcac1f9d84538aa2ba.0 MSG:aCIZsDefHFJDXIAXfh25fLLGhp0yN8NkAbKUgtgW0gUxKukfxKVow84fiCZjOsQp/1VZTcotnW5MKmtEn4n4kd37XM2yAuHbk3SBN34duXyyxoadb
[PSI] INFO 2017-05-24 07:00:22,083 HENDROCOMP PID:2384 THID:5168 ID:0EB13E44-BD0E-401B-B9B8-636A59733A0D:399.195329.527e41ff031d261326fc5afcac1f9d84538aa2ba.0 MSG:aCyImkZV6lSi01bL47kZxwJqqVODlkdE5GiF9soZwQkDwzBClW6EBBkq8PPvpuuDtmCl9OrZ47nH2ZtMfV2xvuPlzefDyBfdcvtX6+O5GccCaqlT3
[PSI] INFO 2017-05-24 07:20:22,085 HENDROCOMP PID:2384 THID:5168 ID:0EB13E44-BD0E-401B-B9B8-636A59733A0D:399.195329.527e41ff031d261326fc5afcac1f9d84538aa2ba.0 MSG:aCIZsDefHFJDXIAXfh25fLLGhp0yN8NkAbKVztgW0gUxKukfxKVow84fiCZjOsQp/1VZTcotnW5MKmtEn4n4kd37XM2yAuHbk3SBN34duXyyxoadb
[PSI] INFO 2017-05-24 07:40:22,087 HENDROCOMP PID:2384 THID:5168 ID:0EB13E44-BD0E-401B-B9B8-636A59733A0D:399.195329.527e41ff031d261326fc5afcac1f9d84538aa2ba.0 MSG:aA8raGb7w9fznWibO5zX3bsHsKN7LkPEnb7ySGuANNl17PYI+mRa4bXepjG2iiHn9eF4MEBQeuxSTel7IPaL73A+bhXjZj5eI7Vpuzuc1927B7CjJ
[PSI] INFO 2017-05-24 08:00:22,090 HENDROCOMP PID:2384 THID:5168 ID:0EB13E44-BD0E-401B-B9B8-636A59733A0D:399.195329.527e41ff031d261326fc5afcac1f9d84538aa2ba.0 MSG:aBORTMctk2oifuiD0D3iBRvmrjZxNnwXE431hlJC6f/7bSjZh0AhPCS3blgzazYeoiCyeLkBT29BJFocYYZN4PPK1DFCsG7j8lbpo9A94gUb5q42L
[PSI] INFO 2017-05-24 08:20:22,096 HENDROCOMP PID:2384 THID:5168 ID:0EB13E44-BD0E-401B-B9B8-636A59733A0D:399.195329.527e41ff031d261326fc5afcac1f9d84538aa2ba.0 MSG:aBwx2Nm6wY48asWhdAFbAuq5vzsfzfxYGi8OYwZsrnKlLceT3AYNYyO1x4n8zbjFSQmT++md+OP4SxNzsM1bTdGBdKVcJzwH7ELEgXQBWwLqub87Q
[PSI] INFO 2017-05-24 08:40:22,097 HENDROCOMP PID:2384 THID:5168 ID:0EB13E44-BD0E-401B-B9B8-636A59733A0D:399.195329.527e41ff031d261326fc5afcac1f9d84538aa2ba.0 MSG:aAuF919oOjeEiq8p6mo2o1LNnB248vm8NwfI0PO0k4Q16zbNAoY9+0VVUNzTCORP/FNRfRMlCpIRq8KLZhcm1wlqwIra9ce+VKKuCepqNqNSzZwd5
[PSI] INFO 2017-05-24 09:00:22,099 HENDROCOMP PID:2384 THID:5168 ID:0EB13E44-BD0E-401B-B9B8-636A59733A0D:399.195329.527e41ff031d261326fc5afcac1f9d84538aa2ba.0 MSG:aDMnXy/QL7gwKNBfubkryWa7h8qoxwlOI7hUCew98QsgWTXWxl65AooKp0nn0wgrscelyghV4QBCvuHQYoIh4be2YiKqTdIx4ADRf7m5K8lmu4fK9
[PSI] INFO 2017-05-24 09:20:22,101 HENDROCOMP PID:2384 THID:5168 ID:0EB13E44-BD0E-401B-B9B8-636A59733A0D:399.195329.527e41ff031d261326fc5afcac1f9d84538aa2ba.0 MSG:aDZralyaP6Gg+md29ctWpezDHvZerROki3Iyoii+tA0c5PwwGIrWWBnaLf+8DViJt7G6H5pTpEGSNzFCGMyCXsAPLhfZB8IocNJmVvXLVqXswx72A
[PSI] INFO 2017-05-24 09:40:22,104 HENDROCOMP PID:2384 THID:5168 ID:0EB13E44-BD0E-401B-B9B8-636A59733A0D:399.195329.527e41ff031d261326fc5afcac1f9d84538aa2ba.0 MSG:aCrCXU/1ajjn4utGUY8sCGKNClq8YOxzgyDUGtrdbdCJyRdqJKXjhRIC8dyHAkVWglq8S0WyDpNZcTvr3idpMkLvhyDKaJexN8rqZlGPLAhijQpa4
[PSI] INFO 2017-05-26 03:33:39,639 HENDROCOMP PID:2384 THID:5168 ID:0EB13E44-BD0E-401B-B9B8-636A59733A0D:399.195329.527e41ff031d261326fc5afcac1f9d84538aa2ba.0 MSG:aBORTMctk2oifuiD0D3iBRvmrjZxNnwXE43U2lJC6f/7bSjZh0AhPCS3blgzazYeoiCyeLkBT29BJFocYYZN4PPK1DFCsG7j8lbpo9A94gUb5q42L
[PSI] INFO 2017-05-26 04:06:54,129 HENDROCOMP PID:2384 THID:5168 ID:0EB13E44-BD0E-401B-B9B8-636A59733A0D:399.195329.527e41ff031d261326fc5afcac1f9d84538aa2ba.0 MSG:aDkxXuDpjspJB6f+/88V6NVmf9dwP5PhnIqLipW/y3NGxVt/bBSPjmErWQX0BD3FrGsEKkPqA89ks/npeeImjaWUdCNldHNDmS+m3v/PFejVZn/XL
[PSI] INFO 2017-05-26 04:26:54,135 HENDROCOMP PID:2384 THID:5168 ID:0EB13E44-BD0E-401B-B9B8-636A59733A0D:399.195329.527e41ff031d261326fc5afcac1f9d84538aa2ba.0 MSG:aBUSke6qOF2Vnvx33mk90JWZ/UNrMXtfCtV4js6KhraPoxe6JnkwrMugsZnUksT7ElgM3fCi+jUTg+zKbcSUt0LMV+xrN8XURbb9V95pPdCVmf1DN
[PSI] INFO 2017-05-26 04:46:54,141 HENDROCOMP PID:2384 THID:5168 ID:0EB13E44-BD0E-401B-B9B8-636A59733A0D:399.195329.527e41ff031d261326fc5afcac1f9d84538aa2ba.0 MSG:aCYTZ2VHWri46mGg1PhITIXoBO3oMH2wVwhQloHI8+jkWamdajKXdpRoIn98Fg2jIOjRRiCOocKtcng+Gz72v5+rVhrg2qcxaMJggNT4SEyF6ATtt
[PSI] INFO 2017-05-26 05:06:54,146 HENDROCOMP PID:2384 THID:5168 ID:0EB13E44-BD0E-401B-B9B8-636A59733A0D:399.195329.527e41ff031d261326fc5afcac1f9d84538aa2ba.0 MSG:aA8raGb7w9fznWibO5zX3bsHsKN7LkPEnb7zBGuANNl17PYI+mRa4bXepjG2iiHn9eF4MEBQfuxSTel7IPaL73A+bhXjZj5eI7Vpuzuc1927B7CjJ
[PSI] INFO 2017-05-26 06:31:36,427 HENDROCOMP PID:2384 THID:5168 ID:0EB13E44-BD0E-401B-B9B8-636A59733A0D:399.195329.527e41ff031d261326fc5afcac1f9d84538aa2ba.0 MSG:aDMnXy/QL7gwKNBfubkryWa7h8qoxwlOI7hUEew98QsgWTXWxl65AooKp0nn0wgrscelyghV5QBCvuHQYoIh4be2YiKqTdIx4ADRf7m5K8lmu4fK9
[PSI] INFO 2017-05-26 06:51:36,432 HENDROCOMP PID:2384 THID:5168 ID:0EB13E44-BD0E-401B-B9B8-636A59733A0D:399.195329.527e41ff031d261326fc5afcac1f9d84538aa2ba.0 MSG:aDkxXuDpjspJB6f+/88V6NVmf9dwP5PhnIqO0pW/y3NGxVt/bBSPjmErWQX0BD3FrGsEKkPqB89ks/npeeImjaWUdCNldHNDmS+m3v/PFejVZn/XL
[PSI] INFO 2017-05-26 07:39:03,178 HENDROCOMP PID:2384 THID:5168 ID:0EB13E44-BD0E-401B-B9B8-636A59733A0D:399.195329.527e41ff031d261326fc5afcac1f9d84538aa2ba.0 MSG:aBORTMctk2oifuiD0D3iBRvmrjZxNnwXE43xjlJC6f/7bSjZh0AhPCS3blgzazYeoiCyeLkBT29BJFocYYZN4PPK1DFCsG7j8lbpo9A94gUb5q42L
[PSI] INFO 2017-05-26 07:59:03,185 HENDROCOMP PID:2384 THID:5168 ID:0EB13E44-BD0E-401B-B9B8-636A59733A0D:399.195329.527e41ff031d261326fc5afcac1f9d84538aa2ba.0 MSG:aCIZsDefHFJDXIAXfh25fLLGhp0yN8NkAbKV2tgW0gUxKukfxKVow84fiCZjOsQp/1VZTcotnW5MKmtEn4n4kd37XM2yAuHbk3SBN34duXyyxoadb
[PSI] INFO 2017-05-26 08:21:36,410 HENDROCOMP PID:2384 THID:5168 ID:0EB13E44-BD0E-401B-B9B8-636A59733A0D:399.195329.527e41ff031d261326fc5afcac1f9d84538aa2ba.0 MSG:aA8raGb7w9fznWibO5zX3bsHsKN7LkPEnb77DGuANNl17PYI+mRa4bXepjG2iiHn9eF4MEBQeuxSTel7IPaL73A+bhXjZj5eI7Vpuzuc1927B7CjJ
[PSI] INFO 2017-05-26 08:41:36,413 HENDROCOMP PID:2384 THID:5168 ID:0EB13E44-BD0E-401B-B9B8-636A59733A0D:399.195329.527e41ff031d261326fc5afcac1f9d84538aa2ba.0 MSG:aAuF919oOjeEiq8p6mo2o1LNnB248vm8NwfJsPO0k4Q16zbNAoY9+0VVUNzTCORP/FNRfRMlCpIRq8KLZhcm1wlqwIra9ce+VKKuCepqNqNSzZwd5
[PSI] INFO 2017-05-26 09:01:36,419 HENDROCOMP PID:2384 THID:5168 ID:0EB13E44-BD0E-401B-B9B8-636A59733A0D:399.195329.527e41ff031d261326fc5afcac1f9d84538aa2ba.0 MSG:aCYTZ2VHWri46mGg1PhITIXoBO3oMH2wVwhRwoHI8+jkWamdajKXdpRoIn98Fg2jIOjRRiCOocKtcng+Gz72v5+rVhrg2qcxaMJggNT4SEyF6ATtt
[PSI] INFO 2017-05-26 10:55:11,179 HENDROCOMP PID:2384 THID:5168 ID:0EB13E44-BD0E-401B-B9B8-636A59733A0D:399.195329.527e41ff031d261326fc5afcac1f9d84538aa2ba.0 MSG:aAuF919oOjeEiq8p6mo2o1LNnB248vm8NwfNjPO0k4Q16zbNAoY9+0VVUNzTCORP/FNRfRMlDpIRq8KLZhcm1wlqwIra9ce+VKKuCepqNqNSzZwd5
[PSI] INFO 2017-05-28 12:29:08,564 HENDROCOMP PID:2384 THID:5168 ID:0EB13E44-BD0E-401B-B9B8-636A59733A0D:399.195329.527e41ff031d261326fc5afcac1f9d84538aa2ba.0 MSG:aALNbk2xnzdr5qA0C/UfAQjj6oLt+FZSW52nTv1zLDfZ+Ner0iqWuBj0l/oSE+yO3VBBjOJ7ZhTLDiDkvawtJasTiBPILGK+u86hFAv1HwEI4+qCs
[PSI] INFO 2017-05-28 12:49:08,576 HENDROCOMP PID:2384 THID:5168 ID:0EB13E44-BD0E-401B-B9B8-636A59733A0D:399.195329.527e41ff031d261326fc5afcac1f9d84538aa2ba.0 MSG:aDMnXy/QL7gwKNBfubkryWa7h8qoxwlOI7hYAew98QsgWTXWxl65AooKp0nn0wgrscelyghV4QBCvuHQYoIh4be2YiKqTdIx4ADRf7m5K8lmu4fK9
[PSI] INFO 2017-05-28 13:09:08,580 HENDROCOMP PID:2384 THID:5168 ID:0EB13E44-BD0E-401B-B9B8-636A59733A0D:399.195329.527e41ff031d261326fc5afcac1f9d84538aa2ba.0 MSG:aCIZsDefHFJDXIAXfh25fLLGhp0yN8NkAbKcktgW0gUxKukfxKVow84fiCZjOsQp/1VZTcotnW5MKmtEn4n4kd37XM2yAuHbk3SBN34duXyyxoadb
[PSI] INFO 2017-05-28 13:29:08,583 HENDROCOMP PID:2384 THID:5168 ID:0EB13E44-BD0E-401B-B9B8-636A59733A0D:399.195329.527e41ff031d261326fc5afcac1f9d84538aa2ba.0 MSG:aALNbk2xnzdr5qA0C/UfAQjj6oLt+FZSW523cv1zLDfZ+Ner0iqWuBj0l/oSE+yO3VBBjOJ7YhTLDiDkvawtJasTiBPILGK+u86hFAv1HwEI4+qCs
[PSI] INFO 2017-05-28 13:49:08,586 HENDROCOMP PID:2384 THID:5168 ID:0EB13E44-BD0E-401B-B9B8-636A59733A0D:399.195329.527e41ff031d261326fc5afcac1f9d84538aa2ba.0 MSG:aBUSke6qOF2Vnvx33mk90JWZ/UNrMXtfCtV5xs6KhraPoxe6JnkwrMugsZnUksT7ElgM3fCi+jUTg+zKbcSUt0LMV+xrN8XURbb9V95pPdCVmf1DN
[PSI] INFO 2017-05-28 14:09:08,588 HENDROCOMP PID:2384 THID:5168 ID:0EB13E44-BD0E-401B-B9B8-636A59733A0D:399.195329.527e41ff031d261326fc5afcac1f9d84538aa2ba.0 MSG:aCyImkZV6lSi01bL47kZxwJqqVODlkdE5GiFxsoZwQkDwzBClW6EBBkq8PPvpuuDtmCl9OrZ57nH2ZtMfV2xvuPlzefDyBfdcvtX6+O5GccCaqlT3
[PSI] INFO 2017-05-28 14:29:08,589 HENDROCOMP PID:2384 THID:5168 ID:0EB13E44-BD0E-401B-B9B8-636A59733A0D:399.195329.527e41ff031d261326fc5afcac1f9d84538aa2ba.0 MSG:aDMnXy/QL7gwKNBfubkryWa7h8qoxwlOI7hQFew98QsgWTXWxl65AooKp0nn0wgrscelyghV4QBCvuHQYoIh4be2YiKqTdIx4ADRf7m5K8lmu4fK9
[PSI] INFO 2017-05-28 14:49:08,592 HENDROCOMP PID:2384 THID:5168 ID:0EB13E44-BD0E-401B-B9B8-636A59733A0D:399.195329.527e41ff031d261326fc5afcac1f9d84538aa2ba.0 MSG:aBtfKZ1g1biSHYy7MTobkfT/Ku1y3bUijt/d2sBfyLBwpPeR6qNT+TUkfKDYLQ04xRn+3UYBT55xdAk2gf7LxkY6GlQY/SgxQjWNmzE6G5H0/yrtL
[PSI] INFO 2017-05-28 15:09:08,600 HENDROCOMP PID:2384 THID:5168 ID:0EB13E44-BD0E-401B-B9B8-636A59733A0D:399.195329.527e41ff031d261326fc5afcac1f9d84538aa2ba.0 MSG:aALNbk2xnzdr5qA0C/UfAQjj6oLt+FZSW52zev1zLDfZ+Ner0iqWuBj0l/oSE+yO3VBBjOJ7YhTLDiDkvawtJasTiBPILGK+u86hFAv1HwEI4+qCs
[PSI] INFO 2017-05-28 15:29:08,603 HENDROCOMP PID:2384 THID:5168 ID:0EB13E44-BD0E-401B-B9B8-636A59733A0D:399.195329.527e41ff031d261326fc5afcac1f9d84538aa2ba.0 MSG:aALNbk2xnzdr5qA0C/UfAQjj6oLt+FZSW52zZv1zLDfZ+Ner0iqWuBj0l/oSE+yO3VBBjOJ7ZhTLDiDkvawtJasTiBPILGK+u86hFAv1HwEI4+qCs
[PSI] INFO 2017-05-28 15:49:08,606 HENDROCOMP PID:2384 THID:5168 ID:0EB13E44-BD0E-401B-B9B8-636A59733A0D:399.195329.527e41ff031d261326fc5afcac1f9d84538aa2ba.0 MSG:aD/kLy1m7+HtU3JL1daT9tZ6k73pbpBLnbr7C5GP7pTpERlSoIR2VJkELqiK9jMSElDezDJD13mB7l1DCsKuYpxmoVKo+xJoPXtza9XWk/bWepO9t
[PSI] INFO 2017-05-28 16:09:08,608 HENDROCOMP PID:2384 THID:5168 ID:0EB13E44-BD0E-401B-B9B8-636A59733A0D:399.195329.527e41ff031d261326fc5afcac1f9d84538aa2ba.0 MSG:aDZralyaP6Gg+md29ctWpezDHvZerROki3Iz9ii+tA0c5PwwGIrWWBnaLf+8DViJt7G6H5pTpEGSNzFCGMyCXsAPLhfZB8IocNJmVvXLVqXswx72A
[PSI] INFO 2017-05-28 16:29:08,610 HENDROCOMP PID:2384 THID:5168 ID:0EB13E44-BD0E-401B-B9B8-636A59733A0D:399.195329.527e41ff031d261326fc5afcac1f9d84538aa2ba.0 MSG:aCyImkZV6lSi01bL47kZxwJqqVODlkdE5GiFwsoZwQkDwzBClW6EBBkq8PPvpuuDtmCl9OrZ57nH2ZtMfV2xvuPlzefDyBfdcvtX6+O5GccCaqlT3
[PSI] INFO 2017-05-29 01:20:21,254 HENDROCOMP PID:2384 THID:5168 ID:0EB13E44-BD0E-401B-B9B8-636A59733A0D:399.195329.527e41ff031d261326fc5afcac1f9d84538aa2ba.0 MSG:aAuF919oOjeEiq8p6mo2o1LNnB248vm8Nwfc3PO0k4Q16zbNAoY9+0VVUNzTCORP/FNRfRMlCpIRq8KLZhcm1wlqwIra9ce+VKKuCepqNqNSzZwd5
[PSI] INFO 2017-05-29 01:40:21,269 HENDROCOMP PID:2384 THID:5168 ID:0EB13E44-BD0E-401B-B9B8-636A59733A0D:399.195329.527e41ff031d261326fc5afcac1f9d84538aa2ba.0 MSG:aDMnXy/QL7gwKNBfubkryWa7h8qoxwlOI7hVUew98QsgWTXWxl65AooKp0nn0wgrscelyghV4QBCvuHQYoIh4be2YiKqTdIx4ADRf7m5K8lmu4fK9
[PSI] INFO 2017-05-29 02:00:21,275 HENDROCOMP PID:2384 THID:5168 ID:0EB13E44-BD0E-401B-B9B8-636A59733A0D:399.195329.527e41ff031d261326fc5afcac1f9d84538aa2ba.0 MSG:aBUSke6qOF2Vnvx33mk90JWZ/UNrMXtfCtV4ms6KhraPoxe6JnkwrMugsZnUksT7ElgM3fCi+jUTg+zKbcSUt0LMV+xrN8XURbb9V95pPdCVmf1DN
[PSI] INFO 2017-05-29 02:20:21,283 HENDROCOMP PID:2384 THID:5168 ID:0EB13E44-BD0E-401B-B9B8-636A59733A0D:399.195329.527e41ff031d261326fc5afcac1f9d84538aa2ba.0 MSG:aBwx2Nm6wY48asWhdAFbAuq5vzsfzfxYGi8OYwZsrnKlLceT3AYNYyO1x4n8zbjFSQmT++md+OP4SxNzsM1bTdGBdKVcJzwH7ELEgXQBWwLqub87Q
[PSI] INFO 2017-05-29 02:40:21,291 HENDROCOMP PID:2384 THID:5168 ID:0EB13E44-BD0E-401B-B9B8-636A59733A0D:399.195329.527e41ff031d261326fc5afcac1f9d84538aa2ba.0 MSG:aBtfKZ1g1biSHYy7MTobkfT/Ku1y3bUijt/cjsBfyLBwpPeR6qNT+TUkfKDYLQ04xRn+3UYBTsZxdAk2gf7LxkY6GlQY/SgxQjWNmzE6G5H0/yrtL
[PSI] INFO 2017-05-29 03:00:21,296 HENDROCOMP PID:2384 THID:5168 ID:0EB13E44-BD0E-401B-B9B8-636A59733A0D:399.195329.527e41ff031d261326fc5afcac1f9d84538aa2ba.0 MSG:aA8raGb7w9fznWibO5zX3bsHsKN7LkPEnb7yRGuANNl17PYI+mRa4bXepjG2iiHn9eF4MEBQeuxSTel7IPaL73A+bhXjZj5eI7Vpuzuc1927B7CjJ
[PSI] INFO 2017-05-29 03:20:21,303 HENDROCOMP PID:2384 THID:5168 ID:0EB13E44-BD0E-401B-B9B8-636A59733A0D:399.195329.527e41ff031d261326fc5afcac1f9d84538aa2ba.0 MSG:aBtfKZ1g1biSHYy7MTobkfT/Ku1y3bUijt/d0sBfyLBwpPeR6qNT+TUkfKDYLQ04xRn+3UYBS55xdAk2gf7LxkY6GlQY/SgxQjWNmzE6G5H0/yrtL
[PSI] INFO 2017-05-29 03:40:21,309 HENDROCOMP PID:2384 THID:5168 ID:0EB13E44-BD0E-401B-B9B8-636A59733A0D:399.195329.527e41ff031d261326fc5afcac1f9d84538aa2ba.0 MSG:aA8raGb7w9fznWibO5zX3bsHsKN7LkPEnb7zMGuANNl17PYI+mRa4bXepjG2iiHn9eF4MEBQeuxSTel7IPaL73A+bhXjZj5eI7Vpuzuc1927B7CjJ
[PSI] INFO 2017-05-29 04:00:21,316 HENDROCOMP PID:2384 THID:5168 ID:0EB13E44-BD0E-401B-B9B8-636A59733A0D:399.195329.527e41ff031d261326fc5afcac1f9d84538aa2ba.0 MSG:aCIZsDefHFJDXIAXfh25fLLGhp0yN8NkAbKUstgW0gUxKukfxKVow84fiCZjOsQp/1VZTcotnW5MKmtEn4n4kd37XM2yAuHbk3SBN34duXyyxoadb
[PSI] INFO 2017-05-29 04:20:21,323 HENDROCOMP PID:2384 THID:5168 ID:0EB13E44-BD0E-401B-B9B8-636A59733A0D:399.195329.527e41ff031d261326fc5afcac1f9d84538aa2ba.0 MSG:aDkxXuDpjspJB6f+/88V6NVmf9dwP5PhnIqPkpW/y3NGxVt/bBSPjmErWQX0BD3FrGsEKkPqB89ks/npeeImjaWUdCNldHNDmS+m3v/PFejVZn/XL
[PSI] INFO 2017-05-29 04:40:21,329 HENDROCOMP PID:2384 THID:5168 ID:0EB13E44-BD0E-401B-B9B8-636A59733A0D:399.195329.527e41ff031d261326fc5afcac1f9d84538aa2ba.0 MSG:aCIZsDefHFJDXIAXfh25fLLGhp0yN8NkAbKVwtgW0gUxKukfxKVow84fiCZjOsQp/1VZTcotnW5MKmtEn4n4kd37XM2yAuHbk3SBN34duXyyxoadb
[PSI] INFO 2017-05-29 05:00:21,336 HENDROCOMP PID:2384 THID:5168 ID:0EB13E44-BD0E-401B-B9B8-636A59733A0D:399.195329.527e41ff031d261326fc5afcac1f9d84538aa2ba.0 MSG:aDkxXuDpjspJB6f+/88V6NVmf9dwP5PhnIqPhpW/y3NGxVt/bBSPjmErWQX0BD3FrGsEKkPqA89ks/npeeImjaWUdCNldHNDmS+m3v/PFejVZn/XL
[PSI] INFO 2017-05-29 05:20:21,339 HENDROCOMP PID:2384 THID:5168 ID:0EB13E44-BD0E-401B-B9B8-636A59733A0D:399.195329.527e41ff031d261326fc5afcac1f9d84538aa2ba.0 MSG:aCYTZ2VHWri46mGg1PhITIXoBO3oMH2wVwhUloHI8+jkWamdajKXdpRoIn98Fg2jIOjRRiCOocKtcng+Gz72v5+rVhrg2qcxaMJggNT4SEyF6ATtt
[PSI] INFO 2017-05-29 06:30:23,431 HENDROCOMP PID:2384 THID:5168 ID:0EB13E44-BD0E-401B-B9B8-636A59733A0D:399.195329.527e41ff031d261326fc5afcac1f9d84538aa2ba.0 MSG:aBORTMctk2oifuiD0D3iBRvmrjZxNnwXE4386lJC6f/7bSjZh0AhPCS3blgzazYeoiCyeLkBT29BJFocYYZN4PPK1DFCsG7j8lbpo9A94gUb5q42L
[PSI] INFO 2017-05-29 06:50:23,433 HENDROCOMP PID:2384 THID:5168 ID:0EB13E44-BD0E-401B-B9B8-636A59733A0D:399.195329.527e41ff031d261326fc5afcac1f9d84538aa2ba.0 MSG:aBwx2Nm6wY48asWhdAFbAuq5vzsfzfxYGi8OQwZsrnKlLceT3AYNYyO1x4n8zbjFSQmT++md+OP4SxNzsM1bTdGBdKVcJzwH7ELEgXQBWwLqub87Q
[PSI] INFO 2017-05-29 07:10:23,436 HENDROCOMP PID:2384 THID:5168 ID:0EB13E44-BD0E-401B-B9B8-636A59733A0D:399.195329.527e41ff031d261326fc5afcac1f9d84538aa2ba.0 MSG:aCIZsDefHFJDXIAXfh25fLLGhp0yN8NkAbKUttgW0gUxKukfxKVow84fiCZjOsQp/1VZTcotnW5MKmtEn4n4kd37XM2yAuHbk3SBN34duXyyxoadb
[PSI] INFO 2017-05-29 07:30:23,438 HENDROCOMP PID:2384 THID:5168 ID:0EB13E44-BD0E-401B-B9B8-636A59733A0D:399.195329.527e41ff031d261326fc5afcac1f9d84538aa2ba.0 MSG:aCIZsDefHFJDXIAXfh25fLLGhp0yN8NkAbKUttgW0gUxKukfxKVow84fiCZjOsQp/1VZTcotnW5MKmtEn4n4kd37XM2yAuHbk3SBN34duXyyxoadb
[PSI] INFO 2017-05-29 07:50:23,440 HENDROCOMP PID:2384 THID:5168 ID:0EB13E44-BD0E-401B-B9B8-636A59733A0D:399.195329.527e41ff031d261326fc5afcac1f9d84538aa2ba.0 MSG:aCYTZ2VHWri46mGg1PhITIXoBO3oMH2wVwhQroHI8+jkWamdajKXdpRoIn98Fg2jIOjRRiCOocKtcng+Gz72v5+rVhrg2qcxaMJggNT4SEyF6ATtt
[PSI] INFO 2017-05-29 08:10:23,442 HENDROCOMP PID:2384 THID:5168 ID:0EB13E44-BD0E-401B-B9B8-636A59733A0D:399.195329.527e41ff031d261326fc5afcac1f9d84538aa2ba.0 MSG:aCyImkZV6lSi01bL47kZxwJqqVODlkdE5GiElsoZwQkDwzBClW6EBBkq8PPvpuuDtmCl9OrZ5uHH2ZtMfV2xvuPlzefDyBfdcvtX6+O5GccCaqlT3
[PSI] INFO 2017-05-29 08:30:23,444 HENDROCOMP PID:2384 THID:5168 ID:0EB13E44-BD0E-401B-B9B8-636A59733A0D:399.195329.527e41ff031d261326fc5afcac1f9d84538aa2ba.0 MSG:aCrCXU/1ajjn4utGUY8sCGKNClq8YOxzgyDdRtrdbdCJyRdqJKXjhRIC8dyHAkVWglq8S0WyDpNZcTvr3idpMkLvhyDKaJexN8rqZlGPLAhijQpa4
[PSI] INFO 2017-05-29 08:50:23,445 HENDROCOMP PID:2384 THID:5168 ID:0EB13E44-BD0E-401B-B9B8-636A59733A0D:399.195329.527e41ff031d261326fc5afcac1f9d84538aa2ba.0 MSG:aALNbk2xnzdr5qA0C/UfAQjj6oLt+FZSW52zev1zLDfZ+Ner0iqWuBj0l/oSE+yO3VBBjOJ7ZhTLDiDkvawtJasTiBPILGK+u86hFAv1HwEI4+qCs
[PSI] INFO 2017-05-29 09:10:23,449 HENDROCOMP PID:2384 THID:5168 ID:0EB13E44-BD0E-401B-B9B8-636A59733A0D:399.195329.527e41ff031d261326fc5afcac1f9d84538aa2ba.0 MSG:aDZralyaP6Gg+md29ctWpezDHvZerROki3I3+ii+tA0c5PwwGIrWWBnaLf+8DViJt7G6H5pTpEGSNzFCGMyCXsAPLhfZB8IocNJmVvXLVqXswx72A
[PSI] INFO 2017-05-29 09:30:23,450 HENDROCOMP PID:2384 THID:5168 ID:0EB13E44-BD0E-401B-B9B8-636A59733A0D:399.195329.527e41ff031d261326fc5afcac1f9d84538aa2ba.0 MSG:aAuF919oOjeEiq8p6mo2o1LNnB248vm8NwfI2PO0k4Q16zbNAoY9+0VVUNzTCORP/FNRfRMlCpIRq8KLZhcm1wlqwIra9ce+VKKuCepqNqNSzZwd5
[PSI] INFO 2017-05-29 09:50:23,453 HENDROCOMP PID:2384 THID:5168 ID:0EB13E44-BD0E-401B-B9B8-636A59733A0D:399.195329.527e41ff031d261326fc5afcac1f9d84538aa2ba.0 MSG:aD/kLy1m7+HtU3JL1daT9tZ6k73pbpBLnbr7B5GP7pTpERlSoIR2VJkELqiK9jMSElDezDJD13mB7l1DCsKuYpxmoVKo+xJoPXtza9XWk/bWepO9t
[PSI] INFO 2017-05-29 10:10:23,456 HENDROCOMP PID:2384 THID:5168 ID:0EB13E44-BD0E-401B-B9B8-636A59733A0D:399.195329.527e41ff031d261326fc5afcac1f9d84538aa2ba.0 MSG:aBwx2Nm6wY48asWhdAFbAuq5vzsfzfxYGi8OewZsrnKlLceT3AYNYyO1x4n8zbjFSQmT++md/OP4SxNzsM1bTdGBdKVcJzwH7ELEgXQBWwLqub87Q
[PSI] INFO 2017-05-29 10:30:23,458 HENDROCOMP PID:2384 THID:5168 ID:0EB13E44-BD0E-401B-B9B8-636A59733A0D:399.195329.527e41ff031d261326fc5afcac1f9d84538aa2ba.0 MSG:aAuF919oOjeEiq8p6mo2o1LNnB248vm8NwfNgPO0k4Q16zbNAoY9+0VVUNzTCORP/FNRfRMlCpIRq8KLZhcm1wlqwIra9ce+VKKuCepqNqNSzZwd5
[PSI] INFO 2017-05-29 13:27:29,719 HENDROCOMP PID:2384 THID:5168 ID:0EB13E44-BD0E-401B-B9B8-636A59733A0D:399.195329.527e41ff031d261326fc5afcac1f9d84538aa2ba.0 MSG:aBtfKZ1g1biSHYy7MTobkfT/Ku1y3bUijt/V3sBfyLBwpPeR6qNT+TUkfKDYLQ04xRn+3UYBT55xdAk2gf7LxkY6GlQY/SgxQjWNmzE6G5H0/yrtL
[PSI] INFO 2017-05-29 13:47:29,724 HENDROCOMP PID:2384 THID:5168 ID:0EB13E44-BD0E-401B-B9B8-636A59733A0D:399.195329.527e41ff031d261326fc5afcac1f9d84538aa2ba.0 MSG:aALNbk2xnzdr5qA0C/UfAQjj6oLt+FZSW523av1zLDfZ+Ner0iqWuBj0l/oSE+yO3VBBjOJ7ZhTLDiDkvawtJasTiBPILGK+u86hFAv1HwEI4+qCs
[PSI] INFO 2017-05-29 14:07:29,725 HENDROCOMP PID:2384 THID:5168 ID:0EB13E44-BD0E-401B-B9B8-636A59733A0D:399.195329.527e41ff031d261326fc5afcac1f9d84538aa2ba.0 MSG:aBwx2Nm6wY48asWhdAFbAuq5vzsfzfxYGi8KdwZsrnKlLceT3AYNYyO1x4n8zbjFSQmT++md+OP4SxNzsM1bTdGBdKVcJzwH7ELEgXQBWwLqub87Q
[PSI] INFO 2017-05-29 14:27:29,728 HENDROCOMP PID:2384 THID:5168 ID:0EB13E44-BD0E-401B-B9B8-636A59733A0D:399.195329.527e41ff031d261326fc5afcac1f9d84538aa2ba.0 MSG:aCYTZ2VHWri46mGg1PhITIXoBO3oMH2wVwhFwoHI8+jkWamdajKXdpRoIn98Fg2jIOjRRiCOocKtcng+Gz72v5+rVhrg2qcxaMJggNT4SEyF6ATtt
[PSI] INFO 2017-05-29 14:47:29,730 HENDROCOMP PID:2384 THID:5168 ID:0EB13E44-BD0E-401B-B9B8-636A59733A0D:399.195329.527e41ff031d261326fc5afcac1f9d84538aa2ba.0 MSG:aDkxXuDpjspJB6f+/88V6NVmf9dwP5PhnIqOypW/y3NGxVt/bBSPjmErWQX0BD3FrGsEKkPqB89ks/npeeImjaWUdCNldHNDmS+m3v/PFejVZn/XL
[PSI] INFO 2017-05-29 15:07:29,744 HENDROCOMP PID:2384 THID:5168 ID:0EB13E44-BD0E-401B-B9B8-636A59733A0D:399.195329.527e41ff031d261326fc5afcac1f9d84538aa2ba.0 MSG:aCyImkZV6lSi01bL47kZxwJqqVODlkdE5GiEgsoZwQkDwzBClW6EBBkq8PPvpuuDtmCl9OrZ57nH2ZtMfV2xvuPlzefDyBfdcvtX6+O5GccCaqlT3
[PSI] INFO 2017-05-29 15:27:29,751 HENDROCOMP PID:2384 THID:5168 ID:0EB13E44-BD0E-401B-B9B8-636A59733A0D:399.195329.527e41ff031d261326fc5afcac1f9d84538aa2ba.0 MSG:aCrCXU/1ajjn4utGUY8sCGKNClq8YOxzgyDULtrdbdCJyRdqJKXjhRIC8dyHAkVWglq8S0WyDpNZcTvr3idpMkLvhyDKaJexN8rqZlGPLAhijQpa4
[PSI] INFO 2017-05-29 15:47:29,756 HENDROCOMP PID:2384 THID:5168 ID:0EB13E44-BD0E-401B-B9B8-636A59733A0D:399.195329.527e41ff031d261326fc5afcac1f9d84538aa2ba.0 MSG:aCIZsDefHFJDXIAXfh25fLLGhp0yN8NkAbKUhtgW0gUxKukfxKVow84fiCZjOsQp/1VZTcotnW5MKmtEn4n4kd37XM2yAuHbk3SBN34duXyyxoadb
[PSI] ERROR 2017-05-30 01:57:20,610 HENDROCOMP PID:2384 THID:5560 ID:91C7BE0F-3766-4E8D-91BB-09BC62B69E54:406.195329.527e41ff031d261326fc5afcac1f9d84538aa2ba.0 MSG:aAQ5rkkBgaPYG4AxfDoC/nA0NSYH77x5h99U7pA==
[PSI] INFO 2017-05-30 01:57:20,610 HENDROCOMP PID:2384 THID:4816 ID:91C7BE0F-3766-4E8D-91BB-09BC62B69E54:657.195329.527e41ff031d261326fc5afcac1f9d84538aa2ba.0 MSG:*
[PSI] INFO 2017-05-30 01:57:20,625 HENDROCOMP PID:2384 THID:5168 ID:0EB13E44-BD0E-401B-B9B8-636A59733A0D:399.195329.527e41ff031d261326fc5afcac1f9d84538aa2ba.0 MSG:aCYTZ2VHWri46mGg1PhITIXoBO3oMH2wVwhJ1oHI8+jkWamdajKXdpRoIn98Fg2jIOjRRiCOocKtcng+Gz72v5+rVhrg2qcxaMJggNT4SEyF6ATtt
[LOG.SM] ALL 2017-05-30 01:57:48,028 HENDROCOMP PID:2360 THID:2576 ID:LOG.SM:0.0.0.0 MSG:c00000000001894960048bABLJCpDizcVLZOL+xD/Qswlb5w+uTRhR+f790Ohc2oLTk5pU32BmobqScyP6L4PVKXnAwURCszWNMOJf2yTx1iT1sZXePZl6IRUO+9F+zU39ZO55QPTp16reLxxBQZt97RnNmFGst7hbPeb4OTuKsb4DKYSfDb5fbbDkjfuoTnN+97yii7ebLVMYAzWpGsm+UyLuV5XfEj3HQRQQQhAQgICjRa2Y3c/wOzXZ7LKUV6FUBRqWpnuSWpjLq/jNTIstSe+VpIEtTB6p7I3hOEaaHOSQAOtDbzZFzUMbxaHNgJTDg/8N8QJSedSAeBTLjnIQfb5CWtrPF3z11rYckWJvhv4=
[PSI] INFO 2017-05-30 01:57:48,034 HENDROCOMP PID:2360 THID:2576 ID:91C7BE0F-3766-4E8D-91BB-09BC62B69E54:644.198375.878d304f47cbdaefd3c33cb10493e58cd84896e5.0 MSG:*
[PSI] INFO 2017-05-30 02:17:48,678 HENDROCOMP PID:2360 THID:5420 ID:0EB13E44-BD0E-401B-B9B8-636A59733A0D:399.198375.878d304f47cbdaefd3c33cb10493e58cd84896e5.0 MSG:aAQ5rkkBgaPYG4AxfDoC/nA0NSYD66x1notlupFAUs53+JJQk/+SmrypN726x8ldBX4YFHaBjiTjI3KoSKIQg979fNPMnHwqCDOBEXw6Av5wNDUmX
[PSI] INFO 2017-05-30 02:37:48,686 HENDROCOMP PID:2360 THID:5420 ID:0EB13E44-BD0E-401B-B9B8-636A59733A0D:399.198375.878d304f47cbdaefd3c33cb10493e58cd84896e5.0 MSG:aBORTMctk2oifuiD0D3iBRvmrjZxNnwXE43w2lJC6f/7bSjZh0AhPCS3blgzazYeoiCyeLkBT29BJFocYYZN4PPK1DFCsG7j8lbpo9A94gUb5q42L
[PSI] INFO 2017-05-30 02:57:48,689 HENDROCOMP PID:2360 THID:5420 ID:0EB13E44-BD0E-401B-B9B8-636A59733A0D:399.198375.878d304f47cbdaefd3c33cb10493e58cd84896e5.0 MSG:aA8raGb7w9fznWibO5zX3bsHsKN7LkPEnb7zMGuANNl17PYI+mRa4bXepjG2iiHn9eF4MEBQeuxSTel7IPaL73A+bhXjZj5eI7Vpuzuc1927B7CjJ
[PSI] INFO 2017-05-30 03:17:48,693 HENDROCOMP PID:2360 THID:5420 ID:0EB13E44-BD0E-401B-B9B8-636A59733A0D:399.198375.878d304f47cbdaefd3c33cb10493e58cd84896e5.0 MSG:aBtfKZ1g1biSHYy7MTobkfT/Ku1y3bUijt/d1sBfyLBwpPeR6qNT+TUkfKDYLQ04xRn+3UYBTsZxdAk2gf7LxkY6GlQY/SgxQjWNmzE6G5H0/yrtL
[PSI] INFO 2017-05-30 03:37:48,698 HENDROCOMP PID:2360 THID:5420 ID:0EB13E44-BD0E-401B-B9B8-636A59733A0D:399.198375.878d304f47cbdaefd3c33cb10493e58cd84896e5.0 MSG:aAQ5rkkBgaPYG4AxfDoC/nA0NSYD66x1notE8pFAUs53+JJQk/+SmrypN726x8ldBX4YFHaBiiTjI3KoSKIQg979fNPMnHwqCDOBEXw6Av5wNDUmX
[PSI] INFO 2017-05-30 03:57:48,702 HENDROCOMP PID:2360 THID:5420 ID:0EB13E44-BD0E-401B-B9B8-636A59733A0D:399.198375.878d304f47cbdaefd3c33cb10493e58cd84896e5.0 MSG:aDZralyaP6Gg+md29ctWpezDHvZerROki3Iyrii+tA0c5PwwGIrWWBnaLf+8DViJt7G6H5pTpEGSNzFCGMyCXsAPLhfZB8IocNJmVvXLVqXswx72A
[PSI] INFO 2017-05-30 04:17:48,703 HENDROCOMP PID:2360 THID:5420 ID:0EB13E44-BD0E-401B-B9B8-636A59733A0D:399.198375.878d304f47cbdaefd3c33cb10493e58cd84896e5.0 MSG:aCIZsDefHFJDXIAXfh25fLLGhp0yN8NkAbKQktgW0gUxKukfxKVow84fiCZjOsQp/1VZTcotnW5MKmtEn4n4kd37XM2yAuHbk3SBN34duXyyxoadb
[PSI] INFO 2017-05-30 04:37:48,711 HENDROCOMP PID:2360 THID:5420 ID:0EB13E44-BD0E-401B-B9B8-636A59733A0D:399.198375.878d304f47cbdaefd3c33cb10493e58cd84896e5.0 MSG:aBORTMctk2oifuiD0D3iBRvmrjZxNnwXE431jlJC6f/7bSjZh0AhPCS3blgzazYeoiCyeLkBS29BJFocYYZN4PPK1DFCsG7j8lbpo9A94gUb5q42L
[PSI] INFO 2017-05-30 04:57:48,720 HENDROCOMP PID:2360 THID:5420 ID:0EB13E44-BD0E-401B-B9B8-636A59733A0D:399.198375.878d304f47cbdaefd3c33cb10493e58cd84896e5.0 MSG:aBwx2Nm6wY48asWhdAFbAuq5vzsfzfxYGi8KfwZsrnKlLceT3AYNYyO1x4n8zbjFSQmT++md+OP4SxNzsM1bTdGBdKVcJzwH7ELEgXQBWwLqub87Q
[PSI] INFO 2017-05-30 06:22:43,838 HENDROCOMP PID:2360 THID:5420 ID:0EB13E44-BD0E-401B-B9B8-636A59733A0D:399.198375.878d304f47cbdaefd3c33cb10493e58cd84896e5.0 MSG:aA8raGb7w9fznWibO5zX3bsHsKN7LkPEnb77GGuANNl17PYI+mRa4bXepjG2iiHn9eF4MEBQfuxSTel7IPaL73A+bhXjZj5eI7Vpuzuc1927B7CjJ
[PSI] INFO 2017-05-30 06:42:43,848 HENDROCOMP PID:2360 THID:5420 ID:0EB13E44-BD0E-401B-B9B8-636A59733A0D:399.198375.878d304f47cbdaefd3c33cb10493e58cd84896e5.0 MSG:aALNbk2xnzdr5qA0C/UfAQjj6oLt+FZSW52yJv1zLDfZ+Ner0iqWuBj0l/oSE+yO3VBBjOJ7YhTLDiDkvawtJasTiBPILGK+u86hFAv1HwEI4+qCs
[PSI] INFO 2017-05-30 07:02:43,857 HENDROCOMP PID:2360 THID:5420 ID:0EB13E44-BD0E-401B-B9B8-636A59733A0D:399.198375.878d304f47cbdaefd3c33cb10493e58cd84896e5.0 MSG:aCyImkZV6lSi01bL47kZxwJqqVODlkdE5GiB2soZwQkDwzBClW6EBBkq8PPvpuuDtmCl9OrZ57nH2ZtMfV2xvuPlzefDyBfdcvtX6+O5GccCaqlT3
[PSI] INFO 2017-05-30 07:22:43,861 HENDROCOMP PID:2360 THID:5420 ID:0EB13E44-BD0E-401B-B9B8-636A59733A0D:399.198375.878d304f47cbdaefd3c33cb10493e58cd84896e5.0 MSG:aD/kLy1m7+HtU3JL1daT9tZ6k73pbpBLnbr6V5GP7pTpERlSoIR2VJkELqiK9jMSElDezDJD13mB7l1DCsKuYpxmoVKo+xJoPXtza9XWk/bWepO9t
[PSI] INFO 2017-05-30 07:44:01,542 HENDROCOMP PID:2360 THID:5420 ID:0EB13E44-BD0E-401B-B9B8-636A59733A0D:399.198375.878d304f47cbdaefd3c33cb10493e58cd84896e5.0 MSG:aAQ5rkkBgaPYG4AxfDoC/nA0NSYD66x1notBvpFAUs53+JJQk/+SmrypN726x8ldBX4YFHaBiiTjI3KoSKIQg979fNPMnHwqCDOBEXw6Av5wNDUmX
[PSI] INFO 2017-05-30 08:04:01,548 HENDROCOMP PID:2360 THID:5420 ID:0EB13E44-BD0E-401B-B9B8-636A59733A0D:399.198375.878d304f47cbdaefd3c33cb10493e58cd84896e5.0 MSG:aCrCXU/1ajjn4utGUY8sCGKNClq8YOxzgyDVVtrdbdCJyRdqJKXjhRIC8dyHAkVWglq8S0WyDpNZcTvr3idpMkLvhyDKaJexN8rqZlGPLAhijQpa4
[PSI] INFO 2017-05-30 08:24:01,551 HENDROCOMP PID:2360 THID:5420 ID:0EB13E44-BD0E-401B-B9B8-636A59733A0D:399.198375.878d304f47cbdaefd3c33cb10493e58cd84896e5.0 MSG:aBtfKZ1g1biSHYy7MTobkfT/Ku1y3bUijt/cnsBfyLBwpPeR6qNT+TUkfKDYLQ04xRn+3UYBT55xdAk2gf7LxkY6GlQY/SgxQjWNmzE6G5H0/yrtL
[PSI] INFO 2017-05-30 08:44:01,554 HENDROCOMP PID:2360 THID:5420 ID:0EB13E44-BD0E-401B-B9B8-636A59733A0D:399.198375.878d304f47cbdaefd3c33cb10493e58cd84896e5.0 MSG:aBUSke6qOF2Vnvx33mk90JWZ/UNrMXtfCtV5+s6KhraPoxe6JnkwrMugsZnUksT7ElgM3fCi+jUTg+zKbcSUt0LMV+xrN8XURbb9V95pPdCVmf1DN
[PSI] INFO 2017-05-30 09:04:01,556 HENDROCOMP PID:2360 THID:5420 ID:0EB13E44-BD0E-401B-B9B8-636A59733A0D:399.198375.878d304f47cbdaefd3c33cb10493e58cd84896e5.0 MSG:aBORTMctk2oifuiD0D3iBRvmrjZxNnwXE4346lJC6f/7bSjZh0AhPCS3blgzazYeoiCyeLkBT29BJFocYYZN4PPK1DFCsG7j8lbpo9A94gUb5q42L
[PSI] INFO 2017-05-30 09:24:01,557 HENDROCOMP PID:2360 THID:5420 ID:0EB13E44-BD0E-401B-B9B8-636A59733A0D:399.198375.878d304f47cbdaefd3c33cb10493e58cd84896e5.0 MSG:aBORTMctk2oifuiD0D3iBRvmrjZxNnwXE431hlJC6f/7bSjZh0AhPCS3blgzazYeoiCyeLkBT29BJFocYYZN4PPK1DFCsG7j8lbpo9A94gUb5q42L
[PSI] INFO 2017-05-30 09:44:01,559 HENDROCOMP PID:2360 THID:5420 ID:0EB13E44-BD0E-401B-B9B8-636A59733A0D:399.198375.878d304f47cbdaefd3c33cb10493e58cd84896e5.0 MSG:aCyImkZV6lSi01bL47kZxwJqqVODlkdE5GiFzsoZwQkDwzBClW6EBBkq8PPvpuuDtmCl9OrZ57nH2ZtMfV2xvuPlzefDyBfdcvtX6+O5GccCaqlT3
[PSI] INFO 2017-05-30 10:04:01,562 HENDROCOMP PID:2360 THID:5420 ID:0EB13E44-BD0E-401B-B9B8-636A59733A0D:399.198375.878d304f47cbdaefd3c33cb10493e58cd84896e5.0 MSG:aDMnXy/QL7gwKNBfubkryWa7h8qoxwlOI7hRWew98QsgWTXWxl65AooKp0nn0wgrscelyghV4QBCvuHQYoIh4be2YiKqTdIx4ADRf7m5K8lmu4fK9
[PSI] INFO 2017-05-30 13:16:44,404 HENDROCOMP PID:2360 THID:5420 ID:0EB13E44-BD0E-401B-B9B8-636A59733A0D:399.198375.878d304f47cbdaefd3c33cb10493e58cd84896e5.0 MSG:aDZralyaP6Gg+md29ctWpezDHvZerROki3Ir9ii+tA0c5PwwGIrWWBnaLf+8DViJt7G6H5pTpEGSNzFCGMyCXsAPLhfZB8IocNJmVvXLVqXswx72A
[PSI] INFO 2017-05-30 13:36:44,410 HENDROCOMP PID:2360 THID:5420 ID:0EB13E44-BD0E-401B-B9B8-636A59733A0D:399.198375.878d304f47cbdaefd3c33cb10493e58cd84896e5.0 MSG:aCyImkZV6lSi01bL47kZxwJqqVODlkdE5GiEisoZwQkDwzBClW6EBBkq8PPvpuuDtmCl9OrZ57nH2ZtMfV2xvuPlzefDyBfdcvtX6+O5GccCaqlT3
[PSI] INFO 2017-05-30 13:56:44,416 HENDROCOMP PID:2360 THID:5420 ID:0EB13E44-BD0E-401B-B9B8-636A59733A0D:399.198375.878d304f47cbdaefd3c33cb10493e58cd84896e5.0 MSG:aCrCXU/1ajjn4utGUY8sCGKNClq8YOxzgyDUKtrdbdCJyRdqJKXjhRIC8dyHAkVWglq8S0WyDpNZcTvr3idpMkLvhyDKaJexN8rqZlGPLAhijQpa4
[PSI] INFO 2017-05-30 14:16:44,420 HENDROCOMP PID:2360 THID:5420 ID:0EB13E44-BD0E-401B-B9B8-636A59733A0D:399.198375.878d304f47cbdaefd3c33cb10493e58cd84896e5.0 MSG:aALNbk2xnzdr5qA0C/UfAQjj6oLt+FZSW522Ov1zLDfZ+Ner0iqWuBj0l/oSE+yO3VBBjOJ7ZhTLDiDkvawtJasTiBPILGK+u86hFAv1HwEI4+qCs
[PSI] INFO 2017-05-30 14:36:44,424 HENDROCOMP PID:2360 THID:5420 ID:0EB13E44-BD0E-401B-B9B8-636A59733A0D:399.198375.878d304f47cbdaefd3c33cb10493e58cd84896e5.0 MSG:aBUSke6qOF2Vnvx33mk90JWZ/UNrMXtfCtV4js6KhraPoxe6JnkwrMugsZnUksT7ElgM3fCi+jUTg+zKbcSUt0LMV+xrN8XURbb9V95pPdCVmf1DN
[PSI] INFO 2017-05-30 15:12:08,526 HENDROCOMP PID:2360 THID:5420 ID:0EB13E44-BD0E-401B-B9B8-636A59733A0D:399.198375.878d304f47cbdaefd3c33cb10493e58cd84896e5.0 MSG:aCYTZ2VHWri46mGg1PhITIXoBO3oMH2wVwhUloHI8+jkWamdajKXdpRoIn98Fg2jIOjRRiCOocKtcng+Gz72v5+rVhrg2qcxaMJggNT4SEyF6ATtt
[PSI] INFO 2017-05-30 15:32:08,529 HENDROCOMP PID:2360 THID:5420 ID:0EB13E44-BD0E-401B-B9B8-636A59733A0D:399.198375.878d304f47cbdaefd3c33cb10493e58cd84896e5.0 MSG:aA8raGb7w9fznWibO5zX3bsHsKN7LkPEnb7yXGuANNl17PYI+mRa4bXepjG2iiHn9eF4MEBQeuxSTel7IPaL73A+bhXjZj5eI7Vpuzuc1927B7CjJ
[PSI] INFO 2017-05-30 15:52:08,534 HENDROCOMP PID:2360 THID:5420 ID:0EB13E44-BD0E-401B-B9B8-636A59733A0D:399.198375.878d304f47cbdaefd3c33cb10493e58cd84896e5.0 MSG:aD/kLy1m7+HtU3JL1daT9tZ6k73pbpBLnbr6Q5GP7pTpERlSoIR2VJkELqiK9jMSElDezDJD13mB7l1DCsKuYpxmoVKo+xJoPXtza9XWk/bWepO9t
[PSI] INFO 2017-05-30 16:12:08,542 HENDROCOMP PID:2360 THID:5420 ID:0EB13E44-BD0E-401B-B9B8-636A59733A0D:399.198375.878d304f47cbdaefd3c33cb10493e58cd84896e5.0 MSG:aBORTMctk2oifuiD0D3iBRvmrjZxNnwXE4306lJC6f/7bSjZh0AhPCS3blgzazYeoiCyeLkBT29BJFocYYZN4PPK1DFCsG7j8lbpo9A94gUb5q42L
[PSI] INFO 2017-05-30 16:32:08,546 HENDROCOMP PID:2360 THID:5420 ID:0EB13E44-BD0E-401B-B9B8-636A59733A0D:399.198375.878d304f47cbdaefd3c33cb10493e58cd84896e5.0 MSG:aAQ5rkkBgaPYG4AxfDoC/nA0NSYD66x1notEypFAUs53+JJQk/+SmrypN726x8ldBX4YFHaBiiTjI3KoSKIQg979fNPMnHwqCDOBEXw6Av5wNDUmX
[PSI] INFO 2017-05-30 16:52:08,547 HENDROCOMP PID:2360 THID:5420 ID:0EB13E44-BD0E-401B-B9B8-636A59733A0D:399.198375.878d304f47cbdaefd3c33cb10493e58cd84896e5.0 MSG:aCrCXU/1ajjn4utGUY8sCGKNClq8YOxzgyDUEtrdbdCJyRdqJKXjhRIC8dyHAkVWglq8S0WyDpNZcTvr3idpMkLvhyDKaJexN8rqZlGPLAhijQpa4
[PSI] INFO 2017-05-30 17:12:08,550 HENDROCOMP PID:2360 THID:5420 ID:0EB13E44-BD0E-401B-B9B8-636A59733A0D:399.198375.878d304f47cbdaefd3c33cb10493e58cd84896e5.0 MSG:aBUSke6qOF2Vnvx33mk90JWZ/UNrMXtfCtV50s6KhraPoxe6JnkwrMugsZnUksT7ElgM3fCi+jUTg+zKbcSUt0LMV+xrN8XURbb9V95pPdCVmf1DN
[PSI] INFO 2017-05-31 01:48:26,441 HENDROCOMP PID:2360 THID:5420 ID:0EB13E44-BD0E-401B-B9B8-636A59733A0D:399.198375.878d304f47cbdaefd3c33cb10493e58cd84896e5.0 MSG:aDMnXy/QL7gwKNBfubkryWa7h8qoxwlOI7hcBew98QsgWTXWxl65AooKp0nn0wgrscelyghV4FhCvuHQYoIh4be2YiKqTdIx4ADRf7m5K8lmu4fK9
[PSI] INFO 2017-05-31 02:08:26,456 HENDROCOMP PID:2360 THID:5420 ID:0EB13E44-BD0E-401B-B9B8-636A59733A0D:399.198375.878d304f47cbdaefd3c33cb10493e58cd84896e5.0 MSG:aCyImkZV6lSi01bL47kZxwJqqVODlkdE5GiAnsoZwQkDwzBClW6EBBkq8PPvpuuDtmCl9OrZ57nH2ZtMfV2xvuPlzefDyBfdcvtX6+O5GccCaqlT3
[PSI] INFO 2017-05-31 02:28:26,466 HENDROCOMP PID:2360 THID:5420 ID:0EB13E44-BD0E-401B-B9B8-636A59733A0D:399.198375.878d304f47cbdaefd3c33cb10493e58cd84896e5.0 MSG:aCyImkZV6lSi01bL47kZxwJqqVODlkdE5GiEhsoZwQkDwzBClW6EBBkq8PPvpuuDtmCl9OrZ57nH2ZtMfV2xvuPlzefDyBfdcvtX6+O5GccCaqlT3
[PSI] INFO 2017-05-31 02:48:26,471 HENDROCOMP PID:2360 THID:5420 ID:0EB13E44-BD0E-401B-B9B8-636A59733A0D:399.198375.878d304f47cbdaefd3c33cb10493e58cd84896e5.0 MSG:aA8raGb7w9fznWibO5zX3bsHsKN7LkPEnb73GGuANNl17PYI+mRa4bXepjG2iiHn9eF4MEBQeuxSTel7IPaL73A+bhXjZj5eI7Vpuzuc1927B7CjJ
[PSI] INFO 2017-05-31 03:08:26,480 HENDROCOMP PID:2360 THID:5420 ID:0EB13E44-BD0E-401B-B9B8-636A59733A0D:399.198375.878d304f47cbdaefd3c33cb10493e58cd84896e5.0 MSG:aAQ5rkkBgaPYG4AxfDoC/nA0NSYD66x1notE8pFAUs53+JJQk/+SmrypN726x8ldBX4YFHaBiiTjI3KoSKIQg979fNPMnHwqCDOBEXw6Av5wNDUmX
[PSI] INFO 2017-05-31 03:28:26,496 HENDROCOMP PID:2360 THID:5420 ID:0EB13E44-BD0E-401B-B9B8-636A59733A0D:399.198375.878d304f47cbdaefd3c33cb10493e58cd84896e5.0 MSG:aCyImkZV6lSi01bL47kZxwJqqVODlkdE5GiEnsoZwQkDwzBClW6EBBkq8PPvpuuDtmCl9OrZ5uHH2ZtMfV2xvuPlzefDyBfdcvtX6+O5GccCaqlT3
[PSI] INFO 2017-05-31 03:48:26,500 HENDROCOMP PID:2360 THID:5420 ID:0EB13E44-BD0E-401B-B9B8-636A59733A0D:399.198375.878d304f47cbdaefd3c33cb10493e58cd84896e5.0 MSG:aALNbk2xnzdr5qA0C/UfAQjj6oLt+FZSW52yLv1zLDfZ+Ner0iqWuBj0l/oSE+yO3VBBjOJ7ZhTLDiDkvawtJasTiBPILGK+u86hFAv1HwEI4+qCs
[PSI] INFO 2017-05-31 04:08:26,518 HENDROCOMP PID:2360 THID:5420 ID:0EB13E44-BD0E-401B-B9B8-636A59733A0D:399.198375.878d304f47cbdaefd3c33cb10493e58cd84896e5.0 MSG:aDMnXy/QL7gwKNBfubkryWa7h8qoxwlOI7hUBew98QsgWTXWxl65AooKp0nn0wgrscelyghV4QBCvuHQYoIh4be2YiKqTdIx4ADRf7m5K8lmu4fK9
[PSI] INFO 2017-05-31 04:28:26,523 HENDROCOMP PID:2360 THID:5420 ID:0EB13E44-BD0E-401B-B9B8-636A59733A0D:399.198375.878d304f47cbdaefd3c33cb10493e58cd84896e5.0 MSG:aBUSke6qOF2Vnvx33mk90JWZ/UNrMXtfCtV4js6KhraPoxe6JnkwrMugsZnUksT7ElgM3fCi/jUTg+zKbcSUt0LMV+xrN8XURbb9V95pPdCVmf1DN
[PSI] INFO 2017-05-31 04:48:26,529 HENDROCOMP PID:2360 THID:5420 ID:0EB13E44-BD0E-401B-B9B8-636A59733A0D:399.198375.878d304f47cbdaefd3c33cb10493e58cd84896e5.0 MSG:aA8raGb7w9fznWibO5zX3bsHsKN7LkPEnb7zCGuANNl17PYI+mRa4bXepjG2iiHn9eF4MEBQeuxSTel7IPaL73A+bhXjZj5eI7Vpuzuc1927B7CjJ
[PSI] INFO 2017-05-31 05:09:28,396 HENDROCOMP PID:2360 THID:5420 ID:0EB13E44-BD0E-401B-B9B8-636A59733A0D:399.198375.878d304f47cbdaefd3c33cb10493e58cd84896e5.0 MSG:aCyImkZV6lSi01bL47kZxwJqqVODlkdE5GiAlsoZwQkDwzBClW6EBBkq8PPvpuuDtmCl9OrZ57nH2ZtMfV2xvuPlzefDyBfdcvtX6+O5GccCaqlT3
[PSI] INFO 2017-05-31 05:29:28,399 HENDROCOMP PID:2360 THID:5420 ID:0EB13E44-BD0E-401B-B9B8-636A59733A0D:399.198375.878d304f47cbdaefd3c33cb10493e58cd84896e5.0 MSG:aBUSke6qOF2Vnvx33mk90JWZ/UNrMXtfCtV4is6KhraPoxe6JnkwrMugsZnUksT7ElgM3fCi+jUTg+zKbcSUt0LMV+xrN8XURbb9V95pPdCVmf1DN
[PSI] INFO 2017-05-31 05:49:28,401 HENDROCOMP PID:2360 THID:5420 ID:0EB13E44-BD0E-401B-B9B8-636A59733A0D:399.198375.878d304f47cbdaefd3c33cb10493e58cd84896e5.0 MSG:aAuF919oOjeEiq8p6mo2o1LNnB248vm8NwfNnPO0k4Q16zbNAoY9+0VVUNzTCORP/FNRfRMlCpIRq8KLZhcm1wlqwIra9ce+VKKuCepqNqNSzZwd5
[PSI] INFO 2017-05-31 06:09:28,402 HENDROCOMP PID:2360 THID:5420 ID:0EB13E44-BD0E-401B-B9B8-636A59733A0D:399.198375.878d304f47cbdaefd3c33cb10493e58cd84896e5.0 MSG:aA8raGb7w9fznWibO5zX3bsHsKN7LkPEnb7yXGuANNl17PYI+mRa4bXepjG2iiHn9eF4MEBQeuxSTel7IPaL73A+bhXjZj5eI7Vpuzuc1927B7CjJ
[PSI] INFO 2017-05-31 06:29:28,405 HENDROCOMP PID:2360 THID:5420 ID:0EB13E44-BD0E-401B-B9B8-636A59733A0D:399.198375.878d304f47cbdaefd3c33cb10493e58cd84896e5.0 MSG:aDMnXy/QL7gwKNBfubkryWa7h8qoxwlOI7hUAew98QsgWTXWxl65AooKp0nn0wgrscelyghV4QBCvuHQYoIh4be2YiKqTdIx4ADRf7m5K8lmu4fK9
[PSI] INFO 2017-05-31 06:49:28,408 HENDROCOMP PID:2360 THID:5420 ID:0EB13E44-BD0E-401B-B9B8-636A59733A0D:399.198375.878d304f47cbdaefd3c33cb10493e58cd84896e5.0 MSG:aBtfKZ1g1biSHYy7MTobkfT/Ku1y3bUijt/ZwsBfyLBwpPeR6qNT+TUkfKDYLQ04xRn+3UYBT55xdAk2gf7LxkY6GlQY/SgxQjWNmzE6G5H0/yrtL
[PSI] INFO 2017-05-31 07:09:28,414 HENDROCOMP PID:2360 THID:5420 ID:0EB13E44-BD0E-401B-B9B8-636A59733A0D:399.198375.878d304f47cbdaefd3c33cb10493e58cd84896e5.0 MSG:aBORTMctk2oifuiD0D3iBRvmrjZxNnwXE431hlJC6f/7bSjZh0AhPCS3blgzazYeoiCyeLkBT29BJFocYYZN4PPK1DFCsG7j8lbpo9A94gUb5q42L
[PSI] INFO 2017-05-31 07:29:28,416 HENDROCOMP PID:2360 THID:5420 ID:0EB13E44-BD0E-401B-B9B8-636A59733A0D:399.198375.878d304f47cbdaefd3c33cb10493e58cd84896e5.0 MSG:aDMnXy/QL7gwKNBfubkryWa7h8qoxwlOI7hRTew98QsgWTXWxl65AooKp0nn0wgrscelyghV4QBCvuHQYoIh4be2YiKqTdIx4ADRf7m5K8lmu4fK9
[PSI] INFO 2017-05-31 07:49:28,420 HENDROCOMP PID:2360 THID:5420 ID:0EB13E44-BD0E-401B-B9B8-636A59733A0D:399.198375.878d304f47cbdaefd3c33cb10493e58cd84896e5.0 MSG:aALNbk2xnzdr5qA0C/UfAQjj6oLt+FZSW52yIv1zLDfZ+Ner0iqWuBj0l/oSE+yO3VBBjOJ7ZhTLDiDkvawtJasTiBPILGK+u86hFAv1HwEI4+qCs
[PSI] INFO 2017-05-31 08:09:28,424 HENDROCOMP PID:2360 THID:5420 ID:0EB13E44-BD0E-401B-B9B8-636A59733A0D:399.198375.878d304f47cbdaefd3c33cb10493e58cd84896e5.0 MSG:aDZralyaP6Gg+md29ctWpezDHvZerROki3Iyoii+tA0c5PwwGIrWWBnaLf+8DViJt7G6H5pTpEGSNzFCGMyCXsAPLhfZB8IocNJmVvXLVqXswx72A
[PSI] INFO 2017-05-31 08:29:28,433 HENDROCOMP PID:2360 THID:5420 ID:0EB13E44-BD0E-401B-B9B8-636A59733A0D:399.198375.878d304f47cbdaefd3c33cb10493e58cd84896e5.0 MSG:aALNbk2xnzdr5qA0C/UfAQjj6oLt+FZSW52yIv1zLDfZ+Ner0iqWuBj0l/oSE+yO3VBBjOJ7ZhTLDiDkvawtJasTiBPILGK+u86hFAv1HwEI4+qCs
[PSI] INFO 2017-05-31 08:49:28,441 HENDROCOMP PID:2360 THID:5420 ID:0EB13E44-BD0E-401B-B9B8-636A59733A0D:399.198375.878d304f47cbdaefd3c33cb10493e58cd84896e5.0 MSG:aA8raGb7w9fznWibO5zX3bsHsKN7LkPEnb7yXGuANNl17PYI+mRa4bXepjG2iiHn9eF4MEBQe7RSTel7IPaL73A+bhXjZj5eI7Vpuzuc1927B7CjJ
[PSI] INFO 2017-05-31 09:09:28,448 HENDROCOMP PID:2360 THID:5420 ID:0EB13E44-BD0E-401B-B9B8-636A59733A0D:399.198375.878d304f47cbdaefd3c33cb10493e58cd84896e5.0 MSG:aBwx2Nm6wY48asWhdAFbAuq5vzsfzfxYGi8LKwZsrnKlLceT3AYNYyO1x4n8zbjFSQmT++md+OP4SxNzsM1bTdGBdKVcJzwH7ELEgXQBWwLqub87Q
[PSI] INFO 2017-05-31 09:29:28,455 HENDROCOMP PID:2360 THID:5420 ID:0EB13E44-BD0E-401B-B9B8-636A59733A0D:399.198375.878d304f47cbdaefd3c33cb10493e58cd84896e5.0 MSG:aAuF919oOjeEiq8p6mo2o1LNnB248vm8NwfIxPO0k4Q16zbNAoY9+0VVUNzTCORP/FNRfRMlCpIRq8KLZhcm1wlqwIra9ce+VKKuCepqNqNSzZwd5
[PSI] INFO 2017-05-31 09:49:28,462 HENDROCOMP PID:2360 THID:5420 ID:0EB13E44-BD0E-401B-B9B8-636A59733A0D:399.198375.878d304f47cbdaefd3c33cb10493e58cd84896e5.0 MSG:aBUSke6qOF2Vnvx33mk90JWZ/UNrMXtfCtV4is6KhraPoxe6JnkwrMugsZnUksT7ElgM3fCi+jUTg+zKbcSUt0LMV+xrN8XURbb9V95pPdCVmf1DN
[PSI] INFO 2017-05-31 10:09:28,469 HENDROCOMP PID:2360 THID:5420 ID:0EB13E44-BD0E-401B-B9B8-636A59733A0D:399.198375.878d304f47cbdaefd3c33cb10493e58cd84896e5.0 MSG:aAQ5rkkBgaPYG4AxfDoC/nA0NSYD66x1notFupFAUs53+JJQk/+SmrypN726x8ldBX4YFHaBiiTjI3KoSKIQg979fNPMnHwqCDOBEXw6Av5wNDUmX
[PSI] INFO 2017-05-31 10:29:28,475 HENDROCOMP PID:2360 THID:5420 ID:0EB13E44-BD0E-401B-B9B8-636A59733A0D:399.198375.878d304f47cbdaefd3c33cb10493e58cd84896e5.0 MSG:aALNbk2xnzdr5qA0C/UfAQjj6oLt+FZSW52zTv1zLDfZ+Ner0iqWuBj0l/oSE+yO3VBBjOJ7YhTLDiDkvawtJasTiBPILGK+u86hFAv1HwEI4+qCs
[PSI] INFO 2017-05-31 15:44:23,468 HENDROCOMP PID:2360 THID:5420 ID:0EB13E44-BD0E-401B-B9B8-636A59733A0D:399.198375.878d304f47cbdaefd3c33cb10493e58cd84896e5.0 MSG:aCIZsDefHFJDXIAXfh25fLLGhp0yN8NkAbKMmtgW0gUxKukfxKVow84fiCZjOsQp/1VZTcotnW5MKmtEn4n4kd37XM2yAuHbk3SBN34duXyyxoadb
[PSI] INFO 2017-05-31 16:04:23,476 HENDROCOMP PID:2360 THID:5420 ID:0EB13E44-BD0E-401B-B9B8-636A59733A0D:399.198375.878d304f47cbdaefd3c33cb10493e58cd84896e5.0 MSG:aAQ5rkkBgaPYG4AxfDoC/nA0NSYD66x1notA/pFAUs53+JJQk/+SmrypN726x8ldBX4YFHaBiiTjI3KoSKIQg979fNPMnHwqCDOBEXw6Av5wNDUmX
[PSI] INFO 2017-05-31 16:24:23,479 HENDROCOMP PID:2360 THID:5420 ID:0EB13E44-BD0E-401B-B9B8-636A59733A0D:399.198375.878d304f47cbdaefd3c33cb10493e58cd84896e5.0 MSG:aDMnXy/QL7gwKNBfubkryWa7h8qoxwlOI7hRUew98QsgWTXWxl65AooKp0nn0wgrscelyghV4QBCvuHQYoIh4be2YiKqTdIx4ADRf7m5K8lmu4fK9
[PSI] INFO 2017-05-31 16:44:23,486 HENDROCOMP PID:2360 THID:5420 ID:0EB13E44-BD0E-401B-B9B8-636A59733A0D:399.198375.878d304f47cbdaefd3c33cb10493e58cd84896e5.0 MSG:aBORTMctk2oifuiD0D3iBRvmrjZxNnwXE431mlJC6f/7bSjZh0AhPCS3blgzazYeoiCyeLkBT29BJFocYYZN4PPK1DFCsG7j8lbpo9A94gUb5q42L
[PSI] INFO 2017-06-01 02:29:55,416 HENDROCOMP PID:2360 THID:5420 ID:0EB13E44-BD0E-401B-B9B8-636A59733A0D:399.198375.878d304f47cbdaefd3c33cb10493e58cd84896e5.0 MSG:aALNbk2xnzdr5qA0C/UfAQjj6oLt+FZSW52jav1zLDfZ+Ner0iqWuBj0l/oSE+yO3VBBjOJ7ZhTLDiDkvawtJasTiBPILGK+u86hFAv1HwEI4+qCs
[PSI] INFO 2017-06-01 02:49:55,422 HENDROCOMP PID:2360 THID:5420 ID:0EB13E44-BD0E-401B-B9B8-636A59733A0D:399.198375.878d304f47cbdaefd3c33cb10493e58cd84896e5.0 MSG:aBORTMctk2oifuiD0D3iBRvmrjZxNnwXE43wxlJC6f/7bSjZh0AhPCS3blgzazYeoiCyeLkBT29BJFocYYZN4PPK1DFCsG7j8lbpo9A94gUb5q42L
[PSI] INFO 2017-06-01 03:09:55,427 HENDROCOMP PID:2360 THID:5420 ID:0EB13E44-BD0E-401B-B9B8-636A59733A0D:399.198375.878d304f47cbdaefd3c33cb10493e58cd84896e5.0 MSG:aA8raGb7w9fznWibO5zX3bsHsKN7LkPEnb7yVGuANNl17PYI+mRa4bXepjG2iiHn9eF4MEBQfuxSTel7IPaL73A+bhXjZj5eI7Vpuzuc1927B7CjJ
[PSI] INFO 2017-06-01 03:29:55,434 HENDROCOMP PID:2360 THID:5420 ID:0EB13E44-BD0E-401B-B9B8-636A59733A0D:399.198375.878d304f47cbdaefd3c33cb10493e58cd84896e5.0 MSG:aD/kLy1m7+HtU3JL1daT9tZ6k73pbpBLnbr+Q5GP7pTpERlSoIR2VJkELqiK9jMSElDezDJD13mB7l1DCsKuYpxmoVKo+xJoPXtza9XWk/bWepO9t
